{"numFailedTestSuites":2,"numFailedTests":64,"numPassedTestSuites":11,"numPassedTests":310,"numPendingTestSuites":1,"numPendingTests":18,"numRuntimeErrorTestSuites":0,"numTodoTests":0,"numTotalTestSuites":14,"numTotalTests":392,"openHandles":[],"snapshot":{"added":0,"didUpdate":false,"failure":true,"filesAdded":0,"filesRemoved":0,"filesRemovedList":[],"filesUnmatched":1,"filesUpdated":0,"matched":128,"total":146,"unchecked":0,"uncheckedKeysByFile":[],"unmatched":18,"updated":0},"startTime":1778209771677,"success":false,"testResults":[{"assertionResults":[{"ancestorTitles":["git.release.p4.and_then_await","given: [case1] release-pr found immediately","when: [t0] fresh release PR exists on first check"],"duration":51,"failing":false,"failureDetails":[{"matcherResult":{"actual":1,"expected":0,"message":"\u001b[2mexpect(\u001b[22m\u001b[31mreceived\u001b[39m\u001b[2m).\u001b[22mtoBe\u001b[2m(\u001b[22m\u001b[32mexpected\u001b[39m\u001b[2m) // Object.is equality\u001b[22m\n\nExpected: \u001b[32m0\u001b[39m\nReceived: \u001b[31m1\u001b[39m","name":"toBe","pass":false}}],"failureMessages":["Error: \u001b[2mexpect(\u001b[22m\u001b[31mreceived\u001b[39m\u001b[2m).\u001b[22mtoBe\u001b[2m(\u001b[22m\u001b[32mexpected\u001b[39m\u001b[2m) // Object.is equality\u001b[22m\n\nExpected: \u001b[32m0\u001b[39m\nReceived: \u001b[31m1\u001b[39m\n    at Object.toBe (/home/vlad/git/ehmpathy/_worktrees/rhachet-roles-ehmpathy.vlad.fix-tests-nice/src/domain.roles/mechanic/skills/git.release/git.release.p4.and_then_await.integration.test.ts:318:31)\n    at Promise.finally.completed (/home/vlad/git/ehmpathy/_worktrees/rhachet-roles-ehmpathy.vlad.fix-tests-nice/node_modules/.pnpm/jest-circus@30.2.0/node_modules/jest-circus/build/jestAdapterInit.js:1557:28)\n    at new Promise (<anonymous>)\n    at callAsyncCircusFn (/home/vlad/git/ehmpathy/_worktrees/rhachet-roles-ehmpathy.vlad.fix-tests-nice/node_modules/.pnpm/jest-circus@30.2.0/node_modules/jest-circus/build/jestAdapterInit.js:1497:10)\n    at _callCircusTest (/home/vlad/git/ehmpathy/_worktrees/rhachet-roles-ehmpathy.vlad.fix-tests-nice/node_modules/.pnpm/jest-circus@30.2.0/node_modules/jest-circus/build/jestAdapterInit.js:1007:40)\n    at processTicksAndRejections (node:internal/process/task_queues:105:5)\n    at _runTest (/home/vlad/git/ehmpathy/_worktrees/rhachet-roles-ehmpathy.vlad.fix-tests-nice/node_modules/.pnpm/jest-circus@30.2.0/node_modules/jest-circus/build/jestAdapterInit.js:947:3)\n    at /home/vlad/git/ehmpathy/_worktrees/rhachet-roles-ehmpathy.vlad.fix-tests-nice/node_modules/.pnpm/jest-circus@30.2.0/node_modules/jest-circus/build/jestAdapterInit.js:849:7\n    at _runTestsForDescribeBlock (/home/vlad/git/ehmpathy/_worktrees/rhachet-roles-ehmpathy.vlad.fix-tests-nice/node_modules/.pnpm/jest-circus@30.2.0/node_modules/jest-circus/build/jestAdapterInit.js:862:11)\n    at _runTestsForDescribeBlock (/home/vlad/git/ehmpathy/_worktrees/rhachet-roles-ehmpathy.vlad.fix-tests-nice/node_modules/.pnpm/jest-circus@30.2.0/node_modules/jest-circus/build/jestAdapterInit.js:857:11)\n    at _runTestsForDescribeBlock (/home/vlad/git/ehmpathy/_worktrees/rhachet-roles-ehmpathy.vlad.fix-tests-nice/node_modules/.pnpm/jest-circus@30.2.0/node_modules/jest-circus/build/jestAdapterInit.js:857:11)\n    at _runTestsForDescribeBlock (/home/vlad/git/ehmpathy/_worktrees/rhachet-roles-ehmpathy.vlad.fix-tests-nice/node_modules/.pnpm/jest-circus@30.2.0/node_modules/jest-circus/build/jestAdapterInit.js:857:11)\n    at run (/home/vlad/git/ehmpathy/_worktrees/rhachet-roles-ehmpathy.vlad.fix-tests-nice/node_modules/.pnpm/jest-circus@30.2.0/node_modules/jest-circus/build/jestAdapterInit.js:761:3)\n    at runAndTransformResultsToJestFormat (/home/vlad/git/ehmpathy/_worktrees/rhachet-roles-ehmpathy.vlad.fix-tests-nice/node_modules/.pnpm/jest-circus@30.2.0/node_modules/jest-circus/build/jestAdapterInit.js:1918:21)\n    at jestAdapter (/home/vlad/git/ehmpathy/_worktrees/rhachet-roles-ehmpathy.vlad.fix-tests-nice/node_modules/.pnpm/jest-circus@30.2.0/node_modules/jest-circus/build/runner.js:89:33)\n    at runTestInternal (/home/vlad/git/ehmpathy/_worktrees/rhachet-roles-ehmpathy.vlad.fix-tests-nice/node_modules/.pnpm/jest-runner@30.2.0/node_modules/jest-runner/build/testWorker.js:275:16)\n    at runTest (/home/vlad/git/ehmpathy/_worktrees/rhachet-roles-ehmpathy.vlad.fix-tests-nice/node_modules/.pnpm/jest-runner@30.2.0/node_modules/jest-runner/build/testWorker.js:343:7)\n    at Object.worker (/home/vlad/git/ehmpathy/_worktrees/rhachet-roles-ehmpathy.vlad.fix-tests-nice/node_modules/.pnpm/jest-runner@30.2.0/node_modules/jest-runner/build/testWorker.js:497:12)"],"fullName":"git.release.p4.and_then_await given: [case1] release-pr found immediately when: [t0] fresh release PR exists on first check then: output shows transition + blank line, exit 0","invocations":1,"location":null,"numPassingAsserts":0,"retryReasons":[],"startAt":1778209772464,"status":"failed","title":"then: output shows transition + blank line, exit 0"},{"ancestorTitles":["git.release.p4.and_then_await","given: [case2] release-pr found after wait","when: [t0] release PR appears after poll cycles"],"duration":39,"failing":false,"failureDetails":[{"matcherResult":{"actual":1,"expected":0,"message":"\u001b[2mexpect(\u001b[22m\u001b[31mreceived\u001b[39m\u001b[2m).\u001b[22mtoBe\u001b[2m(\u001b[22m\u001b[32mexpected\u001b[39m\u001b[2m) // Object.is equality\u001b[22m\n\nExpected: \u001b[32m0\u001b[39m\nReceived: \u001b[31m1\u001b[39m","name":"toBe","pass":false}}],"failureMessages":["Error: \u001b[2mexpect(\u001b[22m\u001b[31mreceived\u001b[39m\u001b[2m).\u001b[22mtoBe\u001b[2m(\u001b[22m\u001b[32mexpected\u001b[39m\u001b[2m) // Object.is equality\u001b[22m\n\nExpected: \u001b[32m0\u001b[39m\nReceived: \u001b[31m1\u001b[39m\n    at Object.toBe (/home/vlad/git/ehmpathy/_worktrees/rhachet-roles-ehmpathy.vlad.fix-tests-nice/src/domain.roles/mechanic/skills/git.release/git.release.p4.and_then_await.integration.test.ts:356:31)\n    at Promise.finally.completed (/home/vlad/git/ehmpathy/_worktrees/rhachet-roles-ehmpathy.vlad.fix-tests-nice/node_modules/.pnpm/jest-circus@30.2.0/node_modules/jest-circus/build/jestAdapterInit.js:1557:28)\n    at new Promise (<anonymous>)\n    at callAsyncCircusFn (/home/vlad/git/ehmpathy/_worktrees/rhachet-roles-ehmpathy.vlad.fix-tests-nice/node_modules/.pnpm/jest-circus@30.2.0/node_modules/jest-circus/build/jestAdapterInit.js:1497:10)\n    at _callCircusTest (/home/vlad/git/ehmpathy/_worktrees/rhachet-roles-ehmpathy.vlad.fix-tests-nice/node_modules/.pnpm/jest-circus@30.2.0/node_modules/jest-circus/build/jestAdapterInit.js:1007:40)\n    at processTicksAndRejections (node:internal/process/task_queues:105:5)\n    at _runTest (/home/vlad/git/ehmpathy/_worktrees/rhachet-roles-ehmpathy.vlad.fix-tests-nice/node_modules/.pnpm/jest-circus@30.2.0/node_modules/jest-circus/build/jestAdapterInit.js:947:3)\n    at /home/vlad/git/ehmpathy/_worktrees/rhachet-roles-ehmpathy.vlad.fix-tests-nice/node_modules/.pnpm/jest-circus@30.2.0/node_modules/jest-circus/build/jestAdapterInit.js:849:7\n    at _runTestsForDescribeBlock (/home/vlad/git/ehmpathy/_worktrees/rhachet-roles-ehmpathy.vlad.fix-tests-nice/node_modules/.pnpm/jest-circus@30.2.0/node_modules/jest-circus/build/jestAdapterInit.js:862:11)\n    at _runTestsForDescribeBlock (/home/vlad/git/ehmpathy/_worktrees/rhachet-roles-ehmpathy.vlad.fix-tests-nice/node_modules/.pnpm/jest-circus@30.2.0/node_modules/jest-circus/build/jestAdapterInit.js:857:11)\n    at _runTestsForDescribeBlock (/home/vlad/git/ehmpathy/_worktrees/rhachet-roles-ehmpathy.vlad.fix-tests-nice/node_modules/.pnpm/jest-circus@30.2.0/node_modules/jest-circus/build/jestAdapterInit.js:857:11)\n    at _runTestsForDescribeBlock (/home/vlad/git/ehmpathy/_worktrees/rhachet-roles-ehmpathy.vlad.fix-tests-nice/node_modules/.pnpm/jest-circus@30.2.0/node_modules/jest-circus/build/jestAdapterInit.js:857:11)\n    at run (/home/vlad/git/ehmpathy/_worktrees/rhachet-roles-ehmpathy.vlad.fix-tests-nice/node_modules/.pnpm/jest-circus@30.2.0/node_modules/jest-circus/build/jestAdapterInit.js:761:3)\n    at runAndTransformResultsToJestFormat (/home/vlad/git/ehmpathy/_worktrees/rhachet-roles-ehmpathy.vlad.fix-tests-nice/node_modules/.pnpm/jest-circus@30.2.0/node_modules/jest-circus/build/jestAdapterInit.js:1918:21)\n    at jestAdapter (/home/vlad/git/ehmpathy/_worktrees/rhachet-roles-ehmpathy.vlad.fix-tests-nice/node_modules/.pnpm/jest-circus@30.2.0/node_modules/jest-circus/build/runner.js:89:33)\n    at runTestInternal (/home/vlad/git/ehmpathy/_worktrees/rhachet-roles-ehmpathy.vlad.fix-tests-nice/node_modules/.pnpm/jest-runner@30.2.0/node_modules/jest-runner/build/testWorker.js:275:16)\n    at runTest (/home/vlad/git/ehmpathy/_worktrees/rhachet-roles-ehmpathy.vlad.fix-tests-nice/node_modules/.pnpm/jest-runner@30.2.0/node_modules/jest-runner/build/testWorker.js:343:7)\n    at Object.worker (/home/vlad/git/ehmpathy/_worktrees/rhachet-roles-ehmpathy.vlad.fix-tests-nice/node_modules/.pnpm/jest-runner@30.2.0/node_modules/jest-runner/build/testWorker.js:497:12)"],"fullName":"git.release.p4.and_then_await given: [case2] release-pr found after wait when: [t0] release PR appears after poll cycles then: output shows poll lines + found, exit 0","invocations":1,"location":null,"numPassingAsserts":0,"retryReasons":[],"startAt":1778209772539,"status":"failed","title":"then: output shows poll lines + found, exit 0"},{"ancestorTitles":["git.release.p4.and_then_await","given: [case3] tag found immediately","when: [t0] fresh tag exists on first check"],"duration":42,"failing":false,"failureDetails":[{"matcherResult":{"actual":1,"expected":0,"message":"\u001b[2mexpect(\u001b[22m\u001b[31mreceived\u001b[39m\u001b[2m).\u001b[22mtoBe\u001b[2m(\u001b[22m\u001b[32mexpected\u001b[39m\u001b[2m) // Object.is equality\u001b[22m\n\nExpected: \u001b[32m0\u001b[39m\nReceived: \u001b[31m1\u001b[39m","name":"toBe","pass":false}}],"failureMessages":["Error: \u001b[2mexpect(\u001b[22m\u001b[31mreceived\u001b[39m\u001b[2m).\u001b[22mtoBe\u001b[2m(\u001b[22m\u001b[32mexpected\u001b[39m\u001b[2m) // Object.is equality\u001b[22m\n\nExpected: \u001b[32m0\u001b[39m\nReceived: \u001b[31m1\u001b[39m\n    at Object.toBe (/home/vlad/git/ehmpathy/_worktrees/rhachet-roles-ehmpathy.vlad.fix-tests-nice/src/domain.roles/mechanic/skills/git.release/git.release.p4.and_then_await.integration.test.ts:387:31)\n    at Promise.finally.completed (/home/vlad/git/ehmpathy/_worktrees/rhachet-roles-ehmpathy.vlad.fix-tests-nice/node_modules/.pnpm/jest-circus@30.2.0/node_modules/jest-circus/build/jestAdapterInit.js:1557:28)\n    at new Promise (<anonymous>)\n    at callAsyncCircusFn (/home/vlad/git/ehmpathy/_worktrees/rhachet-roles-ehmpathy.vlad.fix-tests-nice/node_modules/.pnpm/jest-circus@30.2.0/node_modules/jest-circus/build/jestAdapterInit.js:1497:10)\n    at _callCircusTest (/home/vlad/git/ehmpathy/_worktrees/rhachet-roles-ehmpathy.vlad.fix-tests-nice/node_modules/.pnpm/jest-circus@30.2.0/node_modules/jest-circus/build/jestAdapterInit.js:1007:40)\n    at processTicksAndRejections (node:internal/process/task_queues:105:5)\n    at _runTest (/home/vlad/git/ehmpathy/_worktrees/rhachet-roles-ehmpathy.vlad.fix-tests-nice/node_modules/.pnpm/jest-circus@30.2.0/node_modules/jest-circus/build/jestAdapterInit.js:947:3)\n    at /home/vlad/git/ehmpathy/_worktrees/rhachet-roles-ehmpathy.vlad.fix-tests-nice/node_modules/.pnpm/jest-circus@30.2.0/node_modules/jest-circus/build/jestAdapterInit.js:849:7\n    at _runTestsForDescribeBlock (/home/vlad/git/ehmpathy/_worktrees/rhachet-roles-ehmpathy.vlad.fix-tests-nice/node_modules/.pnpm/jest-circus@30.2.0/node_modules/jest-circus/build/jestAdapterInit.js:862:11)\n    at _runTestsForDescribeBlock (/home/vlad/git/ehmpathy/_worktrees/rhachet-roles-ehmpathy.vlad.fix-tests-nice/node_modules/.pnpm/jest-circus@30.2.0/node_modules/jest-circus/build/jestAdapterInit.js:857:11)\n    at _runTestsForDescribeBlock (/home/vlad/git/ehmpathy/_worktrees/rhachet-roles-ehmpathy.vlad.fix-tests-nice/node_modules/.pnpm/jest-circus@30.2.0/node_modules/jest-circus/build/jestAdapterInit.js:857:11)\n    at _runTestsForDescribeBlock (/home/vlad/git/ehmpathy/_worktrees/rhachet-roles-ehmpathy.vlad.fix-tests-nice/node_modules/.pnpm/jest-circus@30.2.0/node_modules/jest-circus/build/jestAdapterInit.js:857:11)\n    at run (/home/vlad/git/ehmpathy/_worktrees/rhachet-roles-ehmpathy.vlad.fix-tests-nice/node_modules/.pnpm/jest-circus@30.2.0/node_modules/jest-circus/build/jestAdapterInit.js:761:3)\n    at runAndTransformResultsToJestFormat (/home/vlad/git/ehmpathy/_worktrees/rhachet-roles-ehmpathy.vlad.fix-tests-nice/node_modules/.pnpm/jest-circus@30.2.0/node_modules/jest-circus/build/jestAdapterInit.js:1918:21)\n    at jestAdapter (/home/vlad/git/ehmpathy/_worktrees/rhachet-roles-ehmpathy.vlad.fix-tests-nice/node_modules/.pnpm/jest-circus@30.2.0/node_modules/jest-circus/build/runner.js:89:33)\n    at runTestInternal (/home/vlad/git/ehmpathy/_worktrees/rhachet-roles-ehmpathy.vlad.fix-tests-nice/node_modules/.pnpm/jest-runner@30.2.0/node_modules/jest-runner/build/testWorker.js:275:16)\n    at runTest (/home/vlad/git/ehmpathy/_worktrees/rhachet-roles-ehmpathy.vlad.fix-tests-nice/node_modules/.pnpm/jest-runner@30.2.0/node_modules/jest-runner/build/testWorker.js:343:7)\n    at Object.worker (/home/vlad/git/ehmpathy/_worktrees/rhachet-roles-ehmpathy.vlad.fix-tests-nice/node_modules/.pnpm/jest-runner@30.2.0/node_modules/jest-runner/build/testWorker.js:497:12)"],"fullName":"git.release.p4.and_then_await given: [case3] tag found immediately when: [t0] fresh tag exists on first check then: output shows transition + blank line, exit 0","invocations":1,"location":null,"numPassingAsserts":0,"retryReasons":[],"startAt":1778209772579,"status":"failed","title":"then: output shows transition + blank line, exit 0"},{"ancestorTitles":["git.release.p4.and_then_await","given: [case4] tag found after wait","when: [t0] tag appears after poll cycles"],"duration":38,"failing":false,"failureDetails":[{"matcherResult":{"actual":1,"expected":0,"message":"\u001b[2mexpect(\u001b[22m\u001b[31mreceived\u001b[39m\u001b[2m).\u001b[22mtoBe\u001b[2m(\u001b[22m\u001b[32mexpected\u001b[39m\u001b[2m) // Object.is equality\u001b[22m\n\nExpected: \u001b[32m0\u001b[39m\nReceived: \u001b[31m1\u001b[39m","name":"toBe","pass":false}}],"failureMessages":["Error: \u001b[2mexpect(\u001b[22m\u001b[31mreceived\u001b[39m\u001b[2m).\u001b[22mtoBe\u001b[2m(\u001b[22m\u001b[32mexpected\u001b[39m\u001b[2m) // Object.is equality\u001b[22m\n\nExpected: \u001b[32m0\u001b[39m\nReceived: \u001b[31m1\u001b[39m\n    at Object.toBe (/home/vlad/git/ehmpathy/_worktrees/rhachet-roles-ehmpathy.vlad.fix-tests-nice/src/domain.roles/mechanic/skills/git.release/git.release.p4.and_then_await.integration.test.ts:418:31)\n    at Promise.finally.completed (/home/vlad/git/ehmpathy/_worktrees/rhachet-roles-ehmpathy.vlad.fix-tests-nice/node_modules/.pnpm/jest-circus@30.2.0/node_modules/jest-circus/build/jestAdapterInit.js:1557:28)\n    at new Promise (<anonymous>)\n    at callAsyncCircusFn (/home/vlad/git/ehmpathy/_worktrees/rhachet-roles-ehmpathy.vlad.fix-tests-nice/node_modules/.pnpm/jest-circus@30.2.0/node_modules/jest-circus/build/jestAdapterInit.js:1497:10)\n    at _callCircusTest (/home/vlad/git/ehmpathy/_worktrees/rhachet-roles-ehmpathy.vlad.fix-tests-nice/node_modules/.pnpm/jest-circus@30.2.0/node_modules/jest-circus/build/jestAdapterInit.js:1007:40)\n    at processTicksAndRejections (node:internal/process/task_queues:105:5)\n    at _runTest (/home/vlad/git/ehmpathy/_worktrees/rhachet-roles-ehmpathy.vlad.fix-tests-nice/node_modules/.pnpm/jest-circus@30.2.0/node_modules/jest-circus/build/jestAdapterInit.js:947:3)\n    at /home/vlad/git/ehmpathy/_worktrees/rhachet-roles-ehmpathy.vlad.fix-tests-nice/node_modules/.pnpm/jest-circus@30.2.0/node_modules/jest-circus/build/jestAdapterInit.js:849:7\n    at _runTestsForDescribeBlock (/home/vlad/git/ehmpathy/_worktrees/rhachet-roles-ehmpathy.vlad.fix-tests-nice/node_modules/.pnpm/jest-circus@30.2.0/node_modules/jest-circus/build/jestAdapterInit.js:862:11)\n    at _runTestsForDescribeBlock (/home/vlad/git/ehmpathy/_worktrees/rhachet-roles-ehmpathy.vlad.fix-tests-nice/node_modules/.pnpm/jest-circus@30.2.0/node_modules/jest-circus/build/jestAdapterInit.js:857:11)\n    at _runTestsForDescribeBlock (/home/vlad/git/ehmpathy/_worktrees/rhachet-roles-ehmpathy.vlad.fix-tests-nice/node_modules/.pnpm/jest-circus@30.2.0/node_modules/jest-circus/build/jestAdapterInit.js:857:11)\n    at _runTestsForDescribeBlock (/home/vlad/git/ehmpathy/_worktrees/rhachet-roles-ehmpathy.vlad.fix-tests-nice/node_modules/.pnpm/jest-circus@30.2.0/node_modules/jest-circus/build/jestAdapterInit.js:857:11)\n    at run (/home/vlad/git/ehmpathy/_worktrees/rhachet-roles-ehmpathy.vlad.fix-tests-nice/node_modules/.pnpm/jest-circus@30.2.0/node_modules/jest-circus/build/jestAdapterInit.js:761:3)\n    at runAndTransformResultsToJestFormat (/home/vlad/git/ehmpathy/_worktrees/rhachet-roles-ehmpathy.vlad.fix-tests-nice/node_modules/.pnpm/jest-circus@30.2.0/node_modules/jest-circus/build/jestAdapterInit.js:1918:21)\n    at jestAdapter (/home/vlad/git/ehmpathy/_worktrees/rhachet-roles-ehmpathy.vlad.fix-tests-nice/node_modules/.pnpm/jest-circus@30.2.0/node_modules/jest-circus/build/runner.js:89:33)\n    at runTestInternal (/home/vlad/git/ehmpathy/_worktrees/rhachet-roles-ehmpathy.vlad.fix-tests-nice/node_modules/.pnpm/jest-runner@30.2.0/node_modules/jest-runner/build/testWorker.js:275:16)\n    at runTest (/home/vlad/git/ehmpathy/_worktrees/rhachet-roles-ehmpathy.vlad.fix-tests-nice/node_modules/.pnpm/jest-runner@30.2.0/node_modules/jest-runner/build/testWorker.js:343:7)\n    at Object.worker (/home/vlad/git/ehmpathy/_worktrees/rhachet-roles-ehmpathy.vlad.fix-tests-nice/node_modules/.pnpm/jest-runner@30.2.0/node_modules/jest-runner/build/testWorker.js:497:12)"],"fullName":"git.release.p4.and_then_await given: [case4] tag found after wait when: [t0] tag appears after poll cycles then: output shows poll lines + found, exit 0","invocations":1,"location":null,"numPassingAsserts":0,"retryReasons":[],"startAt":1778209772622,"status":"failed","title":"then: output shows poll lines + found, exit 0"},{"ancestorTitles":["git.release.p4.and_then_await","given: [case5] stale release-pr rejected","when: [t0] old PR exists but is stale"],"duration":33,"failing":false,"failureDetails":[{"matcherResult":{"actual":1,"expected":2,"message":"\u001b[2mexpect(\u001b[22m\u001b[31mreceived\u001b[39m\u001b[2m).\u001b[22mtoBe\u001b[2m(\u001b[22m\u001b[32mexpected\u001b[39m\u001b[2m) // Object.is equality\u001b[22m\n\nExpected: \u001b[32m2\u001b[39m\nReceived: \u001b[31m1\u001b[39m","name":"toBe","pass":false}}],"failureMessages":["Error: \u001b[2mexpect(\u001b[22m\u001b[31mreceived\u001b[39m\u001b[2m).\u001b[22mtoBe\u001b[2m(\u001b[22m\u001b[32mexpected\u001b[39m\u001b[2m) // Object.is equality\u001b[22m\n\nExpected: \u001b[32m2\u001b[39m\nReceived: \u001b[31m1\u001b[39m\n    at Object.toBe (/home/vlad/git/ehmpathy/_worktrees/rhachet-roles-ehmpathy.vlad.fix-tests-nice/src/domain.roles/mechanic/skills/git.release/git.release.p4.and_then_await.integration.test.ts:460:31)\n    at Promise.finally.completed (/home/vlad/git/ehmpathy/_worktrees/rhachet-roles-ehmpathy.vlad.fix-tests-nice/node_modules/.pnpm/jest-circus@30.2.0/node_modules/jest-circus/build/jestAdapterInit.js:1557:28)\n    at new Promise (<anonymous>)\n    at callAsyncCircusFn (/home/vlad/git/ehmpathy/_worktrees/rhachet-roles-ehmpathy.vlad.fix-tests-nice/node_modules/.pnpm/jest-circus@30.2.0/node_modules/jest-circus/build/jestAdapterInit.js:1497:10)\n    at _callCircusTest (/home/vlad/git/ehmpathy/_worktrees/rhachet-roles-ehmpathy.vlad.fix-tests-nice/node_modules/.pnpm/jest-circus@30.2.0/node_modules/jest-circus/build/jestAdapterInit.js:1007:40)\n    at processTicksAndRejections (node:internal/process/task_queues:105:5)\n    at _runTest (/home/vlad/git/ehmpathy/_worktrees/rhachet-roles-ehmpathy.vlad.fix-tests-nice/node_modules/.pnpm/jest-circus@30.2.0/node_modules/jest-circus/build/jestAdapterInit.js:947:3)\n    at /home/vlad/git/ehmpathy/_worktrees/rhachet-roles-ehmpathy.vlad.fix-tests-nice/node_modules/.pnpm/jest-circus@30.2.0/node_modules/jest-circus/build/jestAdapterInit.js:849:7\n    at _runTestsForDescribeBlock (/home/vlad/git/ehmpathy/_worktrees/rhachet-roles-ehmpathy.vlad.fix-tests-nice/node_modules/.pnpm/jest-circus@30.2.0/node_modules/jest-circus/build/jestAdapterInit.js:862:11)\n    at _runTestsForDescribeBlock (/home/vlad/git/ehmpathy/_worktrees/rhachet-roles-ehmpathy.vlad.fix-tests-nice/node_modules/.pnpm/jest-circus@30.2.0/node_modules/jest-circus/build/jestAdapterInit.js:857:11)\n    at _runTestsForDescribeBlock (/home/vlad/git/ehmpathy/_worktrees/rhachet-roles-ehmpathy.vlad.fix-tests-nice/node_modules/.pnpm/jest-circus@30.2.0/node_modules/jest-circus/build/jestAdapterInit.js:857:11)\n    at _runTestsForDescribeBlock (/home/vlad/git/ehmpathy/_worktrees/rhachet-roles-ehmpathy.vlad.fix-tests-nice/node_modules/.pnpm/jest-circus@30.2.0/node_modules/jest-circus/build/jestAdapterInit.js:857:11)\n    at run (/home/vlad/git/ehmpathy/_worktrees/rhachet-roles-ehmpathy.vlad.fix-tests-nice/node_modules/.pnpm/jest-circus@30.2.0/node_modules/jest-circus/build/jestAdapterInit.js:761:3)\n    at runAndTransformResultsToJestFormat (/home/vlad/git/ehmpathy/_worktrees/rhachet-roles-ehmpathy.vlad.fix-tests-nice/node_modules/.pnpm/jest-circus@30.2.0/node_modules/jest-circus/build/jestAdapterInit.js:1918:21)\n    at jestAdapter (/home/vlad/git/ehmpathy/_worktrees/rhachet-roles-ehmpathy.vlad.fix-tests-nice/node_modules/.pnpm/jest-circus@30.2.0/node_modules/jest-circus/build/runner.js:89:33)\n    at runTestInternal (/home/vlad/git/ehmpathy/_worktrees/rhachet-roles-ehmpathy.vlad.fix-tests-nice/node_modules/.pnpm/jest-runner@30.2.0/node_modules/jest-runner/build/testWorker.js:275:16)\n    at runTest (/home/vlad/git/ehmpathy/_worktrees/rhachet-roles-ehmpathy.vlad.fix-tests-nice/node_modules/.pnpm/jest-runner@30.2.0/node_modules/jest-runner/build/testWorker.js:343:7)\n    at Object.worker (/home/vlad/git/ehmpathy/_worktrees/rhachet-roles-ehmpathy.vlad.fix-tests-nice/node_modules/.pnpm/jest-runner@30.2.0/node_modules/jest-runner/build/testWorker.js:497:12)"],"fullName":"git.release.p4.and_then_await given: [case5] stale release-pr rejected when: [t0] old PR exists but is stale then: stale PR is rejected, poll continues","invocations":1,"location":null,"numPassingAsserts":0,"retryReasons":[],"startAt":1778209772661,"status":"failed","title":"then: stale PR is rejected, poll continues"},{"ancestorTitles":["git.release.p4.and_then_await","given: [case6] stale release-pr then fresh appears","when: [t0] old PR is rejected, then fresh PR appears"],"duration":41,"failing":false,"failureDetails":[{"matcherResult":{"actual":1,"expected":0,"message":"\u001b[2mexpect(\u001b[22m\u001b[31mreceived\u001b[39m\u001b[2m).\u001b[22mtoBe\u001b[2m(\u001b[22m\u001b[32mexpected\u001b[39m\u001b[2m) // Object.is equality\u001b[22m\n\nExpected: \u001b[32m0\u001b[39m\nReceived: \u001b[31m1\u001b[39m","name":"toBe","pass":false}}],"failureMessages":["Error: \u001b[2mexpect(\u001b[22m\u001b[31mreceived\u001b[39m\u001b[2m).\u001b[22mtoBe\u001b[2m(\u001b[22m\u001b[32mexpected\u001b[39m\u001b[2m) // Object.is equality\u001b[22m\n\nExpected: \u001b[32m0\u001b[39m\nReceived: \u001b[31m1\u001b[39m\n    at Object.toBe (/home/vlad/git/ehmpathy/_worktrees/rhachet-roles-ehmpathy.vlad.fix-tests-nice/src/domain.roles/mechanic/skills/git.release/git.release.p4.and_then_await.integration.test.ts:495:31)\n    at Promise.finally.completed (/home/vlad/git/ehmpathy/_worktrees/rhachet-roles-ehmpathy.vlad.fix-tests-nice/node_modules/.pnpm/jest-circus@30.2.0/node_modules/jest-circus/build/jestAdapterInit.js:1557:28)\n    at new Promise (<anonymous>)\n    at callAsyncCircusFn (/home/vlad/git/ehmpathy/_worktrees/rhachet-roles-ehmpathy.vlad.fix-tests-nice/node_modules/.pnpm/jest-circus@30.2.0/node_modules/jest-circus/build/jestAdapterInit.js:1497:10)\n    at _callCircusTest (/home/vlad/git/ehmpathy/_worktrees/rhachet-roles-ehmpathy.vlad.fix-tests-nice/node_modules/.pnpm/jest-circus@30.2.0/node_modules/jest-circus/build/jestAdapterInit.js:1007:40)\n    at processTicksAndRejections (node:internal/process/task_queues:105:5)\n    at _runTest (/home/vlad/git/ehmpathy/_worktrees/rhachet-roles-ehmpathy.vlad.fix-tests-nice/node_modules/.pnpm/jest-circus@30.2.0/node_modules/jest-circus/build/jestAdapterInit.js:947:3)\n    at /home/vlad/git/ehmpathy/_worktrees/rhachet-roles-ehmpathy.vlad.fix-tests-nice/node_modules/.pnpm/jest-circus@30.2.0/node_modules/jest-circus/build/jestAdapterInit.js:849:7\n    at _runTestsForDescribeBlock (/home/vlad/git/ehmpathy/_worktrees/rhachet-roles-ehmpathy.vlad.fix-tests-nice/node_modules/.pnpm/jest-circus@30.2.0/node_modules/jest-circus/build/jestAdapterInit.js:862:11)\n    at _runTestsForDescribeBlock (/home/vlad/git/ehmpathy/_worktrees/rhachet-roles-ehmpathy.vlad.fix-tests-nice/node_modules/.pnpm/jest-circus@30.2.0/node_modules/jest-circus/build/jestAdapterInit.js:857:11)\n    at _runTestsForDescribeBlock (/home/vlad/git/ehmpathy/_worktrees/rhachet-roles-ehmpathy.vlad.fix-tests-nice/node_modules/.pnpm/jest-circus@30.2.0/node_modules/jest-circus/build/jestAdapterInit.js:857:11)\n    at _runTestsForDescribeBlock (/home/vlad/git/ehmpathy/_worktrees/rhachet-roles-ehmpathy.vlad.fix-tests-nice/node_modules/.pnpm/jest-circus@30.2.0/node_modules/jest-circus/build/jestAdapterInit.js:857:11)\n    at run (/home/vlad/git/ehmpathy/_worktrees/rhachet-roles-ehmpathy.vlad.fix-tests-nice/node_modules/.pnpm/jest-circus@30.2.0/node_modules/jest-circus/build/jestAdapterInit.js:761:3)\n    at runAndTransformResultsToJestFormat (/home/vlad/git/ehmpathy/_worktrees/rhachet-roles-ehmpathy.vlad.fix-tests-nice/node_modules/.pnpm/jest-circus@30.2.0/node_modules/jest-circus/build/jestAdapterInit.js:1918:21)\n    at jestAdapter (/home/vlad/git/ehmpathy/_worktrees/rhachet-roles-ehmpathy.vlad.fix-tests-nice/node_modules/.pnpm/jest-circus@30.2.0/node_modules/jest-circus/build/runner.js:89:33)\n    at runTestInternal (/home/vlad/git/ehmpathy/_worktrees/rhachet-roles-ehmpathy.vlad.fix-tests-nice/node_modules/.pnpm/jest-runner@30.2.0/node_modules/jest-runner/build/testWorker.js:275:16)\n    at runTest (/home/vlad/git/ehmpathy/_worktrees/rhachet-roles-ehmpathy.vlad.fix-tests-nice/node_modules/.pnpm/jest-runner@30.2.0/node_modules/jest-runner/build/testWorker.js:343:7)\n    at Object.worker (/home/vlad/git/ehmpathy/_worktrees/rhachet-roles-ehmpathy.vlad.fix-tests-nice/node_modules/.pnpm/jest-runner@30.2.0/node_modules/jest-runner/build/testWorker.js:497:12)"],"fullName":"git.release.p4.and_then_await given: [case6] stale release-pr then fresh appears when: [t0] old PR is rejected, then fresh PR appears then: fresh PR is accepted, exit 0","invocations":1,"location":null,"numPassingAsserts":0,"retryReasons":[],"startAt":1778209772694,"status":"failed","title":"then: fresh PR is accepted, exit 0"},{"ancestorTitles":["git.release.p4.and_then_await","given: [case7] stale release-pr then timeout","when: [t0] PR stays stale until timeout"],"duration":52,"failing":false,"failureDetails":[{"matcherResult":{"actual":1,"expected":2,"message":"\u001b[2mexpect(\u001b[22m\u001b[31mreceived\u001b[39m\u001b[2m).\u001b[22mtoBe\u001b[2m(\u001b[22m\u001b[32mexpected\u001b[39m\u001b[2m) // Object.is equality\u001b[22m\n\nExpected: \u001b[32m2\u001b[39m\nReceived: \u001b[31m1\u001b[39m","name":"toBe","pass":false}}],"failureMessages":["Error: \u001b[2mexpect(\u001b[22m\u001b[31mreceived\u001b[39m\u001b[2m).\u001b[22mtoBe\u001b[2m(\u001b[22m\u001b[32mexpected\u001b[39m\u001b[2m) // Object.is equality\u001b[22m\n\nExpected: \u001b[32m2\u001b[39m\nReceived: \u001b[31m1\u001b[39m\n    at Object.toBe (/home/vlad/git/ehmpathy/_worktrees/rhachet-roles-ehmpathy.vlad.fix-tests-nice/src/domain.roles/mechanic/skills/git.release/git.release.p4.and_then_await.integration.test.ts:529:31)\n    at Promise.finally.completed (/home/vlad/git/ehmpathy/_worktrees/rhachet-roles-ehmpathy.vlad.fix-tests-nice/node_modules/.pnpm/jest-circus@30.2.0/node_modules/jest-circus/build/jestAdapterInit.js:1557:28)\n    at new Promise (<anonymous>)\n    at callAsyncCircusFn (/home/vlad/git/ehmpathy/_worktrees/rhachet-roles-ehmpathy.vlad.fix-tests-nice/node_modules/.pnpm/jest-circus@30.2.0/node_modules/jest-circus/build/jestAdapterInit.js:1497:10)\n    at _callCircusTest (/home/vlad/git/ehmpathy/_worktrees/rhachet-roles-ehmpathy.vlad.fix-tests-nice/node_modules/.pnpm/jest-circus@30.2.0/node_modules/jest-circus/build/jestAdapterInit.js:1007:40)\n    at processTicksAndRejections (node:internal/process/task_queues:105:5)\n    at _runTest (/home/vlad/git/ehmpathy/_worktrees/rhachet-roles-ehmpathy.vlad.fix-tests-nice/node_modules/.pnpm/jest-circus@30.2.0/node_modules/jest-circus/build/jestAdapterInit.js:947:3)\n    at /home/vlad/git/ehmpathy/_worktrees/rhachet-roles-ehmpathy.vlad.fix-tests-nice/node_modules/.pnpm/jest-circus@30.2.0/node_modules/jest-circus/build/jestAdapterInit.js:849:7\n    at _runTestsForDescribeBlock (/home/vlad/git/ehmpathy/_worktrees/rhachet-roles-ehmpathy.vlad.fix-tests-nice/node_modules/.pnpm/jest-circus@30.2.0/node_modules/jest-circus/build/jestAdapterInit.js:862:11)\n    at _runTestsForDescribeBlock (/home/vlad/git/ehmpathy/_worktrees/rhachet-roles-ehmpathy.vlad.fix-tests-nice/node_modules/.pnpm/jest-circus@30.2.0/node_modules/jest-circus/build/jestAdapterInit.js:857:11)\n    at _runTestsForDescribeBlock (/home/vlad/git/ehmpathy/_worktrees/rhachet-roles-ehmpathy.vlad.fix-tests-nice/node_modules/.pnpm/jest-circus@30.2.0/node_modules/jest-circus/build/jestAdapterInit.js:857:11)\n    at _runTestsForDescribeBlock (/home/vlad/git/ehmpathy/_worktrees/rhachet-roles-ehmpathy.vlad.fix-tests-nice/node_modules/.pnpm/jest-circus@30.2.0/node_modules/jest-circus/build/jestAdapterInit.js:857:11)\n    at run (/home/vlad/git/ehmpathy/_worktrees/rhachet-roles-ehmpathy.vlad.fix-tests-nice/node_modules/.pnpm/jest-circus@30.2.0/node_modules/jest-circus/build/jestAdapterInit.js:761:3)\n    at runAndTransformResultsToJestFormat (/home/vlad/git/ehmpathy/_worktrees/rhachet-roles-ehmpathy.vlad.fix-tests-nice/node_modules/.pnpm/jest-circus@30.2.0/node_modules/jest-circus/build/jestAdapterInit.js:1918:21)\n    at jestAdapter (/home/vlad/git/ehmpathy/_worktrees/rhachet-roles-ehmpathy.vlad.fix-tests-nice/node_modules/.pnpm/jest-circus@30.2.0/node_modules/jest-circus/build/runner.js:89:33)\n    at runTestInternal (/home/vlad/git/ehmpathy/_worktrees/rhachet-roles-ehmpathy.vlad.fix-tests-nice/node_modules/.pnpm/jest-runner@30.2.0/node_modules/jest-runner/build/testWorker.js:275:16)\n    at runTest (/home/vlad/git/ehmpathy/_worktrees/rhachet-roles-ehmpathy.vlad.fix-tests-nice/node_modules/.pnpm/jest-runner@30.2.0/node_modules/jest-runner/build/testWorker.js:343:7)\n    at Object.worker (/home/vlad/git/ehmpathy/_worktrees/rhachet-roles-ehmpathy.vlad.fix-tests-nice/node_modules/.pnpm/jest-runner@30.2.0/node_modules/jest-runner/build/testWorker.js:497:12)"],"fullName":"git.release.p4.and_then_await given: [case7] stale release-pr then timeout when: [t0] PR stays stale until timeout then: timeout with workflow status, exit 2","invocations":1,"location":null,"numPassingAsserts":0,"retryReasons":[],"startAt":1778209772737,"status":"failed","title":"then: timeout with workflow status, exit 2"},{"ancestorTitles":["git.release.p4.and_then_await","given: [case8] stale tag rejected","when: [t0] old tag exists but is stale"],"duration":41,"failing":false,"failureDetails":[{"matcherResult":{"actual":1,"expected":2,"message":"\u001b[2mexpect(\u001b[22m\u001b[31mreceived\u001b[39m\u001b[2m).\u001b[22mtoBe\u001b[2m(\u001b[22m\u001b[32mexpected\u001b[39m\u001b[2m) // Object.is equality\u001b[22m\n\nExpected: \u001b[32m2\u001b[39m\nReceived: \u001b[31m1\u001b[39m","name":"toBe","pass":false}}],"failureMessages":["Error: \u001b[2mexpect(\u001b[22m\u001b[31mreceived\u001b[39m\u001b[2m).\u001b[22mtoBe\u001b[2m(\u001b[22m\u001b[32mexpected\u001b[39m\u001b[2m) // Object.is equality\u001b[22m\n\nExpected: \u001b[32m2\u001b[39m\nReceived: \u001b[31m1\u001b[39m\n    at Object.toBe (/home/vlad/git/ehmpathy/_worktrees/rhachet-roles-ehmpathy.vlad.fix-tests-nice/src/domain.roles/mechanic/skills/git.release/git.release.p4.and_then_await.integration.test.ts:561:31)\n    at Promise.finally.completed (/home/vlad/git/ehmpathy/_worktrees/rhachet-roles-ehmpathy.vlad.fix-tests-nice/node_modules/.pnpm/jest-circus@30.2.0/node_modules/jest-circus/build/jestAdapterInit.js:1557:28)\n    at new Promise (<anonymous>)\n    at callAsyncCircusFn (/home/vlad/git/ehmpathy/_worktrees/rhachet-roles-ehmpathy.vlad.fix-tests-nice/node_modules/.pnpm/jest-circus@30.2.0/node_modules/jest-circus/build/jestAdapterInit.js:1497:10)\n    at _callCircusTest (/home/vlad/git/ehmpathy/_worktrees/rhachet-roles-ehmpathy.vlad.fix-tests-nice/node_modules/.pnpm/jest-circus@30.2.0/node_modules/jest-circus/build/jestAdapterInit.js:1007:40)\n    at processTicksAndRejections (node:internal/process/task_queues:105:5)\n    at _runTest (/home/vlad/git/ehmpathy/_worktrees/rhachet-roles-ehmpathy.vlad.fix-tests-nice/node_modules/.pnpm/jest-circus@30.2.0/node_modules/jest-circus/build/jestAdapterInit.js:947:3)\n    at /home/vlad/git/ehmpathy/_worktrees/rhachet-roles-ehmpathy.vlad.fix-tests-nice/node_modules/.pnpm/jest-circus@30.2.0/node_modules/jest-circus/build/jestAdapterInit.js:849:7\n    at _runTestsForDescribeBlock (/home/vlad/git/ehmpathy/_worktrees/rhachet-roles-ehmpathy.vlad.fix-tests-nice/node_modules/.pnpm/jest-circus@30.2.0/node_modules/jest-circus/build/jestAdapterInit.js:862:11)\n    at _runTestsForDescribeBlock (/home/vlad/git/ehmpathy/_worktrees/rhachet-roles-ehmpathy.vlad.fix-tests-nice/node_modules/.pnpm/jest-circus@30.2.0/node_modules/jest-circus/build/jestAdapterInit.js:857:11)\n    at _runTestsForDescribeBlock (/home/vlad/git/ehmpathy/_worktrees/rhachet-roles-ehmpathy.vlad.fix-tests-nice/node_modules/.pnpm/jest-circus@30.2.0/node_modules/jest-circus/build/jestAdapterInit.js:857:11)\n    at _runTestsForDescribeBlock (/home/vlad/git/ehmpathy/_worktrees/rhachet-roles-ehmpathy.vlad.fix-tests-nice/node_modules/.pnpm/jest-circus@30.2.0/node_modules/jest-circus/build/jestAdapterInit.js:857:11)\n    at run (/home/vlad/git/ehmpathy/_worktrees/rhachet-roles-ehmpathy.vlad.fix-tests-nice/node_modules/.pnpm/jest-circus@30.2.0/node_modules/jest-circus/build/jestAdapterInit.js:761:3)\n    at runAndTransformResultsToJestFormat (/home/vlad/git/ehmpathy/_worktrees/rhachet-roles-ehmpathy.vlad.fix-tests-nice/node_modules/.pnpm/jest-circus@30.2.0/node_modules/jest-circus/build/jestAdapterInit.js:1918:21)\n    at jestAdapter (/home/vlad/git/ehmpathy/_worktrees/rhachet-roles-ehmpathy.vlad.fix-tests-nice/node_modules/.pnpm/jest-circus@30.2.0/node_modules/jest-circus/build/runner.js:89:33)\n    at runTestInternal (/home/vlad/git/ehmpathy/_worktrees/rhachet-roles-ehmpathy.vlad.fix-tests-nice/node_modules/.pnpm/jest-runner@30.2.0/node_modules/jest-runner/build/testWorker.js:275:16)\n    at runTest (/home/vlad/git/ehmpathy/_worktrees/rhachet-roles-ehmpathy.vlad.fix-tests-nice/node_modules/.pnpm/jest-runner@30.2.0/node_modules/jest-runner/build/testWorker.js:343:7)\n    at Object.worker (/home/vlad/git/ehmpathy/_worktrees/rhachet-roles-ehmpathy.vlad.fix-tests-nice/node_modules/.pnpm/jest-runner@30.2.0/node_modules/jest-runner/build/testWorker.js:497:12)"],"fullName":"git.release.p4.and_then_await given: [case8] stale tag rejected when: [t0] old tag exists but is stale then: stale tag is rejected, poll continues","invocations":1,"location":null,"numPassingAsserts":0,"retryReasons":[],"startAt":1778209772790,"status":"failed","title":"then: stale tag is rejected, poll continues"},{"ancestorTitles":["git.release.p4.and_then_await","given: [case9] stale tag then fresh appears","when: [t0] old tag is rejected, then fresh tag appears"],"duration":44,"failing":false,"failureDetails":[{"matcherResult":{"actual":1,"expected":0,"message":"\u001b[2mexpect(\u001b[22m\u001b[31mreceived\u001b[39m\u001b[2m).\u001b[22mtoBe\u001b[2m(\u001b[22m\u001b[32mexpected\u001b[39m\u001b[2m) // Object.is equality\u001b[22m\n\nExpected: \u001b[32m0\u001b[39m\nReceived: \u001b[31m1\u001b[39m","name":"toBe","pass":false}}],"failureMessages":["Error: \u001b[2mexpect(\u001b[22m\u001b[31mreceived\u001b[39m\u001b[2m).\u001b[22mtoBe\u001b[2m(\u001b[22m\u001b[32mexpected\u001b[39m\u001b[2m) // Object.is equality\u001b[22m\n\nExpected: \u001b[32m0\u001b[39m\nReceived: \u001b[31m1\u001b[39m\n    at Object.toBe (/home/vlad/git/ehmpathy/_worktrees/rhachet-roles-ehmpathy.vlad.fix-tests-nice/src/domain.roles/mechanic/skills/git.release/git.release.p4.and_then_await.integration.test.ts:592:31)\n    at Promise.finally.completed (/home/vlad/git/ehmpathy/_worktrees/rhachet-roles-ehmpathy.vlad.fix-tests-nice/node_modules/.pnpm/jest-circus@30.2.0/node_modules/jest-circus/build/jestAdapterInit.js:1557:28)\n    at new Promise (<anonymous>)\n    at callAsyncCircusFn (/home/vlad/git/ehmpathy/_worktrees/rhachet-roles-ehmpathy.vlad.fix-tests-nice/node_modules/.pnpm/jest-circus@30.2.0/node_modules/jest-circus/build/jestAdapterInit.js:1497:10)\n    at _callCircusTest (/home/vlad/git/ehmpathy/_worktrees/rhachet-roles-ehmpathy.vlad.fix-tests-nice/node_modules/.pnpm/jest-circus@30.2.0/node_modules/jest-circus/build/jestAdapterInit.js:1007:40)\n    at processTicksAndRejections (node:internal/process/task_queues:105:5)\n    at _runTest (/home/vlad/git/ehmpathy/_worktrees/rhachet-roles-ehmpathy.vlad.fix-tests-nice/node_modules/.pnpm/jest-circus@30.2.0/node_modules/jest-circus/build/jestAdapterInit.js:947:3)\n    at /home/vlad/git/ehmpathy/_worktrees/rhachet-roles-ehmpathy.vlad.fix-tests-nice/node_modules/.pnpm/jest-circus@30.2.0/node_modules/jest-circus/build/jestAdapterInit.js:849:7\n    at _runTestsForDescribeBlock (/home/vlad/git/ehmpathy/_worktrees/rhachet-roles-ehmpathy.vlad.fix-tests-nice/node_modules/.pnpm/jest-circus@30.2.0/node_modules/jest-circus/build/jestAdapterInit.js:862:11)\n    at _runTestsForDescribeBlock (/home/vlad/git/ehmpathy/_worktrees/rhachet-roles-ehmpathy.vlad.fix-tests-nice/node_modules/.pnpm/jest-circus@30.2.0/node_modules/jest-circus/build/jestAdapterInit.js:857:11)\n    at _runTestsForDescribeBlock (/home/vlad/git/ehmpathy/_worktrees/rhachet-roles-ehmpathy.vlad.fix-tests-nice/node_modules/.pnpm/jest-circus@30.2.0/node_modules/jest-circus/build/jestAdapterInit.js:857:11)\n    at _runTestsForDescribeBlock (/home/vlad/git/ehmpathy/_worktrees/rhachet-roles-ehmpathy.vlad.fix-tests-nice/node_modules/.pnpm/jest-circus@30.2.0/node_modules/jest-circus/build/jestAdapterInit.js:857:11)\n    at run (/home/vlad/git/ehmpathy/_worktrees/rhachet-roles-ehmpathy.vlad.fix-tests-nice/node_modules/.pnpm/jest-circus@30.2.0/node_modules/jest-circus/build/jestAdapterInit.js:761:3)\n    at runAndTransformResultsToJestFormat (/home/vlad/git/ehmpathy/_worktrees/rhachet-roles-ehmpathy.vlad.fix-tests-nice/node_modules/.pnpm/jest-circus@30.2.0/node_modules/jest-circus/build/jestAdapterInit.js:1918:21)\n    at jestAdapter (/home/vlad/git/ehmpathy/_worktrees/rhachet-roles-ehmpathy.vlad.fix-tests-nice/node_modules/.pnpm/jest-circus@30.2.0/node_modules/jest-circus/build/runner.js:89:33)\n    at runTestInternal (/home/vlad/git/ehmpathy/_worktrees/rhachet-roles-ehmpathy.vlad.fix-tests-nice/node_modules/.pnpm/jest-runner@30.2.0/node_modules/jest-runner/build/testWorker.js:275:16)\n    at runTest (/home/vlad/git/ehmpathy/_worktrees/rhachet-roles-ehmpathy.vlad.fix-tests-nice/node_modules/.pnpm/jest-runner@30.2.0/node_modules/jest-runner/build/testWorker.js:343:7)\n    at Object.worker (/home/vlad/git/ehmpathy/_worktrees/rhachet-roles-ehmpathy.vlad.fix-tests-nice/node_modules/.pnpm/jest-runner@30.2.0/node_modules/jest-runner/build/testWorker.js:497:12)"],"fullName":"git.release.p4.and_then_await given: [case9] stale tag then fresh appears when: [t0] old tag is rejected, then fresh tag appears then: fresh tag is accepted, exit 0","invocations":1,"location":null,"numPassingAsserts":0,"retryReasons":[],"startAt":1778209772832,"status":"failed","title":"then: fresh tag is accepted, exit 0"},{"ancestorTitles":["git.release.p4.and_then_await","given: [case10] stale tag then timeout","when: [t0] tag stays stale until timeout"],"duration":51,"failing":false,"failureDetails":[{"matcherResult":{"actual":1,"expected":2,"message":"\u001b[2mexpect(\u001b[22m\u001b[31mreceived\u001b[39m\u001b[2m).\u001b[22mtoBe\u001b[2m(\u001b[22m\u001b[32mexpected\u001b[39m\u001b[2m) // Object.is equality\u001b[22m\n\nExpected: \u001b[32m2\u001b[39m\nReceived: \u001b[31m1\u001b[39m","name":"toBe","pass":false}}],"failureMessages":["Error: \u001b[2mexpect(\u001b[22m\u001b[31mreceived\u001b[39m\u001b[2m).\u001b[22mtoBe\u001b[2m(\u001b[22m\u001b[32mexpected\u001b[39m\u001b[2m) // Object.is equality\u001b[22m\n\nExpected: \u001b[32m2\u001b[39m\nReceived: \u001b[31m1\u001b[39m\n    at Object.toBe (/home/vlad/git/ehmpathy/_worktrees/rhachet-roles-ehmpathy.vlad.fix-tests-nice/src/domain.roles/mechanic/skills/git.release/git.release.p4.and_then_await.integration.test.ts:623:31)\n    at Promise.finally.completed (/home/vlad/git/ehmpathy/_worktrees/rhachet-roles-ehmpathy.vlad.fix-tests-nice/node_modules/.pnpm/jest-circus@30.2.0/node_modules/jest-circus/build/jestAdapterInit.js:1557:28)\n    at new Promise (<anonymous>)\n    at callAsyncCircusFn (/home/vlad/git/ehmpathy/_worktrees/rhachet-roles-ehmpathy.vlad.fix-tests-nice/node_modules/.pnpm/jest-circus@30.2.0/node_modules/jest-circus/build/jestAdapterInit.js:1497:10)\n    at _callCircusTest (/home/vlad/git/ehmpathy/_worktrees/rhachet-roles-ehmpathy.vlad.fix-tests-nice/node_modules/.pnpm/jest-circus@30.2.0/node_modules/jest-circus/build/jestAdapterInit.js:1007:40)\n    at processTicksAndRejections (node:internal/process/task_queues:105:5)\n    at _runTest (/home/vlad/git/ehmpathy/_worktrees/rhachet-roles-ehmpathy.vlad.fix-tests-nice/node_modules/.pnpm/jest-circus@30.2.0/node_modules/jest-circus/build/jestAdapterInit.js:947:3)\n    at /home/vlad/git/ehmpathy/_worktrees/rhachet-roles-ehmpathy.vlad.fix-tests-nice/node_modules/.pnpm/jest-circus@30.2.0/node_modules/jest-circus/build/jestAdapterInit.js:849:7\n    at _runTestsForDescribeBlock (/home/vlad/git/ehmpathy/_worktrees/rhachet-roles-ehmpathy.vlad.fix-tests-nice/node_modules/.pnpm/jest-circus@30.2.0/node_modules/jest-circus/build/jestAdapterInit.js:862:11)\n    at _runTestsForDescribeBlock (/home/vlad/git/ehmpathy/_worktrees/rhachet-roles-ehmpathy.vlad.fix-tests-nice/node_modules/.pnpm/jest-circus@30.2.0/node_modules/jest-circus/build/jestAdapterInit.js:857:11)\n    at _runTestsForDescribeBlock (/home/vlad/git/ehmpathy/_worktrees/rhachet-roles-ehmpathy.vlad.fix-tests-nice/node_modules/.pnpm/jest-circus@30.2.0/node_modules/jest-circus/build/jestAdapterInit.js:857:11)\n    at _runTestsForDescribeBlock (/home/vlad/git/ehmpathy/_worktrees/rhachet-roles-ehmpathy.vlad.fix-tests-nice/node_modules/.pnpm/jest-circus@30.2.0/node_modules/jest-circus/build/jestAdapterInit.js:857:11)\n    at run (/home/vlad/git/ehmpathy/_worktrees/rhachet-roles-ehmpathy.vlad.fix-tests-nice/node_modules/.pnpm/jest-circus@30.2.0/node_modules/jest-circus/build/jestAdapterInit.js:761:3)\n    at runAndTransformResultsToJestFormat (/home/vlad/git/ehmpathy/_worktrees/rhachet-roles-ehmpathy.vlad.fix-tests-nice/node_modules/.pnpm/jest-circus@30.2.0/node_modules/jest-circus/build/jestAdapterInit.js:1918:21)\n    at jestAdapter (/home/vlad/git/ehmpathy/_worktrees/rhachet-roles-ehmpathy.vlad.fix-tests-nice/node_modules/.pnpm/jest-circus@30.2.0/node_modules/jest-circus/build/runner.js:89:33)\n    at runTestInternal (/home/vlad/git/ehmpathy/_worktrees/rhachet-roles-ehmpathy.vlad.fix-tests-nice/node_modules/.pnpm/jest-runner@30.2.0/node_modules/jest-runner/build/testWorker.js:275:16)\n    at runTest (/home/vlad/git/ehmpathy/_worktrees/rhachet-roles-ehmpathy.vlad.fix-tests-nice/node_modules/.pnpm/jest-runner@30.2.0/node_modules/jest-runner/build/testWorker.js:343:7)\n    at Object.worker (/home/vlad/git/ehmpathy/_worktrees/rhachet-roles-ehmpathy.vlad.fix-tests-nice/node_modules/.pnpm/jest-runner@30.2.0/node_modules/jest-runner/build/testWorker.js:497:12)"],"fullName":"git.release.p4.and_then_await given: [case10] stale tag then timeout when: [t0] tag stays stale until timeout then: timeout with workflow status, exit 2","invocations":1,"location":null,"numPassingAsserts":0,"retryReasons":[],"startAt":1778209772877,"status":"failed","title":"then: timeout with workflow status, exit 2"},{"ancestorTitles":["git.release.p4.and_then_await","given: [case11] release-pr timeout, workflow failed","when: [t0] timeout occurs and workflow failed"],"duration":36,"failing":false,"failureDetails":[{"matcherResult":{"actual":1,"expected":2,"message":"\u001b[2mexpect(\u001b[22m\u001b[31mreceived\u001b[39m\u001b[2m).\u001b[22mtoBe\u001b[2m(\u001b[22m\u001b[32mexpected\u001b[39m\u001b[2m) // Object.is equality\u001b[22m\n\nExpected: \u001b[32m2\u001b[39m\nReceived: \u001b[31m1\u001b[39m","name":"toBe","pass":false}}],"failureMessages":["Error: \u001b[2mexpect(\u001b[22m\u001b[31mreceived\u001b[39m\u001b[2m).\u001b[22mtoBe\u001b[2m(\u001b[22m\u001b[32mexpected\u001b[39m\u001b[2m) // Object.is equality\u001b[22m\n\nExpected: \u001b[32m2\u001b[39m\nReceived: \u001b[31m1\u001b[39m\n    at Object.toBe (/home/vlad/git/ehmpathy/_worktrees/rhachet-roles-ehmpathy.vlad.fix-tests-nice/src/domain.roles/mechanic/skills/git.release/git.release.p4.and_then_await.integration.test.ts:657:31)\n    at Promise.finally.completed (/home/vlad/git/ehmpathy/_worktrees/rhachet-roles-ehmpathy.vlad.fix-tests-nice/node_modules/.pnpm/jest-circus@30.2.0/node_modules/jest-circus/build/jestAdapterInit.js:1557:28)\n    at new Promise (<anonymous>)\n    at callAsyncCircusFn (/home/vlad/git/ehmpathy/_worktrees/rhachet-roles-ehmpathy.vlad.fix-tests-nice/node_modules/.pnpm/jest-circus@30.2.0/node_modules/jest-circus/build/jestAdapterInit.js:1497:10)\n    at _callCircusTest (/home/vlad/git/ehmpathy/_worktrees/rhachet-roles-ehmpathy.vlad.fix-tests-nice/node_modules/.pnpm/jest-circus@30.2.0/node_modules/jest-circus/build/jestAdapterInit.js:1007:40)\n    at processTicksAndRejections (node:internal/process/task_queues:105:5)\n    at _runTest (/home/vlad/git/ehmpathy/_worktrees/rhachet-roles-ehmpathy.vlad.fix-tests-nice/node_modules/.pnpm/jest-circus@30.2.0/node_modules/jest-circus/build/jestAdapterInit.js:947:3)\n    at /home/vlad/git/ehmpathy/_worktrees/rhachet-roles-ehmpathy.vlad.fix-tests-nice/node_modules/.pnpm/jest-circus@30.2.0/node_modules/jest-circus/build/jestAdapterInit.js:849:7\n    at _runTestsForDescribeBlock (/home/vlad/git/ehmpathy/_worktrees/rhachet-roles-ehmpathy.vlad.fix-tests-nice/node_modules/.pnpm/jest-circus@30.2.0/node_modules/jest-circus/build/jestAdapterInit.js:862:11)\n    at _runTestsForDescribeBlock (/home/vlad/git/ehmpathy/_worktrees/rhachet-roles-ehmpathy.vlad.fix-tests-nice/node_modules/.pnpm/jest-circus@30.2.0/node_modules/jest-circus/build/jestAdapterInit.js:857:11)\n    at _runTestsForDescribeBlock (/home/vlad/git/ehmpathy/_worktrees/rhachet-roles-ehmpathy.vlad.fix-tests-nice/node_modules/.pnpm/jest-circus@30.2.0/node_modules/jest-circus/build/jestAdapterInit.js:857:11)\n    at _runTestsForDescribeBlock (/home/vlad/git/ehmpathy/_worktrees/rhachet-roles-ehmpathy.vlad.fix-tests-nice/node_modules/.pnpm/jest-circus@30.2.0/node_modules/jest-circus/build/jestAdapterInit.js:857:11)\n    at run (/home/vlad/git/ehmpathy/_worktrees/rhachet-roles-ehmpathy.vlad.fix-tests-nice/node_modules/.pnpm/jest-circus@30.2.0/node_modules/jest-circus/build/jestAdapterInit.js:761:3)\n    at runAndTransformResultsToJestFormat (/home/vlad/git/ehmpathy/_worktrees/rhachet-roles-ehmpathy.vlad.fix-tests-nice/node_modules/.pnpm/jest-circus@30.2.0/node_modules/jest-circus/build/jestAdapterInit.js:1918:21)\n    at jestAdapter (/home/vlad/git/ehmpathy/_worktrees/rhachet-roles-ehmpathy.vlad.fix-tests-nice/node_modules/.pnpm/jest-circus@30.2.0/node_modules/jest-circus/build/runner.js:89:33)\n    at runTestInternal (/home/vlad/git/ehmpathy/_worktrees/rhachet-roles-ehmpathy.vlad.fix-tests-nice/node_modules/.pnpm/jest-runner@30.2.0/node_modules/jest-runner/build/testWorker.js:275:16)\n    at runTest (/home/vlad/git/ehmpathy/_worktrees/rhachet-roles-ehmpathy.vlad.fix-tests-nice/node_modules/.pnpm/jest-runner@30.2.0/node_modules/jest-runner/build/testWorker.js:343:7)\n    at Object.worker (/home/vlad/git/ehmpathy/_worktrees/rhachet-roles-ehmpathy.vlad.fix-tests-nice/node_modules/.pnpm/jest-runner@30.2.0/node_modules/jest-runner/build/testWorker.js:497:12)"],"fullName":"git.release.p4.and_then_await given: [case11] release-pr timeout, workflow failed when: [t0] timeout occurs and workflow failed then: shows ⚓ + 🔴 release + failed","invocations":1,"location":null,"numPassingAsserts":0,"retryReasons":[],"startAt":1778209772929,"status":"failed","title":"then: shows ⚓ + 🔴 release + failed"},{"ancestorTitles":["git.release.p4.and_then_await","given: [case12] release-pr timeout, workflow in_progress","when: [t0] timeout occurs and workflow in progress"],"duration":41,"failing":false,"failureDetails":[{"matcherResult":{"actual":1,"expected":2,"message":"\u001b[2mexpect(\u001b[22m\u001b[31mreceived\u001b[39m\u001b[2m).\u001b[22mtoBe\u001b[2m(\u001b[22m\u001b[32mexpected\u001b[39m\u001b[2m) // Object.is equality\u001b[22m\n\nExpected: \u001b[32m2\u001b[39m\nReceived: \u001b[31m1\u001b[39m","name":"toBe","pass":false}}],"failureMessages":["Error: \u001b[2mexpect(\u001b[22m\u001b[31mreceived\u001b[39m\u001b[2m).\u001b[22mtoBe\u001b[2m(\u001b[22m\u001b[32mexpected\u001b[39m\u001b[2m) // Object.is equality\u001b[22m\n\nExpected: \u001b[32m2\u001b[39m\nReceived: \u001b[31m1\u001b[39m\n    at Object.toBe (/home/vlad/git/ehmpathy/_worktrees/rhachet-roles-ehmpathy.vlad.fix-tests-nice/src/domain.roles/mechanic/skills/git.release/git.release.p4.and_then_await.integration.test.ts:687:31)\n    at Promise.finally.completed (/home/vlad/git/ehmpathy/_worktrees/rhachet-roles-ehmpathy.vlad.fix-tests-nice/node_modules/.pnpm/jest-circus@30.2.0/node_modules/jest-circus/build/jestAdapterInit.js:1557:28)\n    at new Promise (<anonymous>)\n    at callAsyncCircusFn (/home/vlad/git/ehmpathy/_worktrees/rhachet-roles-ehmpathy.vlad.fix-tests-nice/node_modules/.pnpm/jest-circus@30.2.0/node_modules/jest-circus/build/jestAdapterInit.js:1497:10)\n    at _callCircusTest (/home/vlad/git/ehmpathy/_worktrees/rhachet-roles-ehmpathy.vlad.fix-tests-nice/node_modules/.pnpm/jest-circus@30.2.0/node_modules/jest-circus/build/jestAdapterInit.js:1007:40)\n    at processTicksAndRejections (node:internal/process/task_queues:105:5)\n    at _runTest (/home/vlad/git/ehmpathy/_worktrees/rhachet-roles-ehmpathy.vlad.fix-tests-nice/node_modules/.pnpm/jest-circus@30.2.0/node_modules/jest-circus/build/jestAdapterInit.js:947:3)\n    at /home/vlad/git/ehmpathy/_worktrees/rhachet-roles-ehmpathy.vlad.fix-tests-nice/node_modules/.pnpm/jest-circus@30.2.0/node_modules/jest-circus/build/jestAdapterInit.js:849:7\n    at _runTestsForDescribeBlock (/home/vlad/git/ehmpathy/_worktrees/rhachet-roles-ehmpathy.vlad.fix-tests-nice/node_modules/.pnpm/jest-circus@30.2.0/node_modules/jest-circus/build/jestAdapterInit.js:862:11)\n    at _runTestsForDescribeBlock (/home/vlad/git/ehmpathy/_worktrees/rhachet-roles-ehmpathy.vlad.fix-tests-nice/node_modules/.pnpm/jest-circus@30.2.0/node_modules/jest-circus/build/jestAdapterInit.js:857:11)\n    at _runTestsForDescribeBlock (/home/vlad/git/ehmpathy/_worktrees/rhachet-roles-ehmpathy.vlad.fix-tests-nice/node_modules/.pnpm/jest-circus@30.2.0/node_modules/jest-circus/build/jestAdapterInit.js:857:11)\n    at _runTestsForDescribeBlock (/home/vlad/git/ehmpathy/_worktrees/rhachet-roles-ehmpathy.vlad.fix-tests-nice/node_modules/.pnpm/jest-circus@30.2.0/node_modules/jest-circus/build/jestAdapterInit.js:857:11)\n    at run (/home/vlad/git/ehmpathy/_worktrees/rhachet-roles-ehmpathy.vlad.fix-tests-nice/node_modules/.pnpm/jest-circus@30.2.0/node_modules/jest-circus/build/jestAdapterInit.js:761:3)\n    at runAndTransformResultsToJestFormat (/home/vlad/git/ehmpathy/_worktrees/rhachet-roles-ehmpathy.vlad.fix-tests-nice/node_modules/.pnpm/jest-circus@30.2.0/node_modules/jest-circus/build/jestAdapterInit.js:1918:21)\n    at jestAdapter (/home/vlad/git/ehmpathy/_worktrees/rhachet-roles-ehmpathy.vlad.fix-tests-nice/node_modules/.pnpm/jest-circus@30.2.0/node_modules/jest-circus/build/runner.js:89:33)\n    at runTestInternal (/home/vlad/git/ehmpathy/_worktrees/rhachet-roles-ehmpathy.vlad.fix-tests-nice/node_modules/.pnpm/jest-runner@30.2.0/node_modules/jest-runner/build/testWorker.js:275:16)\n    at runTest (/home/vlad/git/ehmpathy/_worktrees/rhachet-roles-ehmpathy.vlad.fix-tests-nice/node_modules/.pnpm/jest-runner@30.2.0/node_modules/jest-runner/build/testWorker.js:343:7)\n    at Object.worker (/home/vlad/git/ehmpathy/_worktrees/rhachet-roles-ehmpathy.vlad.fix-tests-nice/node_modules/.pnpm/jest-runner@30.2.0/node_modules/jest-runner/build/testWorker.js:497:12)"],"fullName":"git.release.p4.and_then_await given: [case12] release-pr timeout, workflow in_progress when: [t0] timeout occurs and workflow in progress then: shows ⚓ + 🔴 release + in_progress","invocations":1,"location":null,"numPassingAsserts":0,"retryReasons":[],"startAt":1778209772968,"status":"failed","title":"then: shows ⚓ + 🔴 release + in_progress"},{"ancestorTitles":["git.release.p4.and_then_await","given: [case13] release-pr timeout, workflow passed","when: [t0] timeout occurs and workflow passed"],"duration":43,"failing":false,"failureDetails":[{"matcherResult":{"actual":1,"expected":2,"message":"\u001b[2mexpect(\u001b[22m\u001b[31mreceived\u001b[39m\u001b[2m).\u001b[22mtoBe\u001b[2m(\u001b[22m\u001b[32mexpected\u001b[39m\u001b[2m) // Object.is equality\u001b[22m\n\nExpected: \u001b[32m2\u001b[39m\nReceived: \u001b[31m1\u001b[39m","name":"toBe","pass":false}}],"failureMessages":["Error: \u001b[2mexpect(\u001b[22m\u001b[31mreceived\u001b[39m\u001b[2m).\u001b[22mtoBe\u001b[2m(\u001b[22m\u001b[32mexpected\u001b[39m\u001b[2m) // Object.is equality\u001b[22m\n\nExpected: \u001b[32m2\u001b[39m\nReceived: \u001b[31m1\u001b[39m\n    at Object.toBe (/home/vlad/git/ehmpathy/_worktrees/rhachet-roles-ehmpathy.vlad.fix-tests-nice/src/domain.roles/mechanic/skills/git.release/git.release.p4.and_then_await.integration.test.ts:717:31)\n    at Promise.finally.completed (/home/vlad/git/ehmpathy/_worktrees/rhachet-roles-ehmpathy.vlad.fix-tests-nice/node_modules/.pnpm/jest-circus@30.2.0/node_modules/jest-circus/build/jestAdapterInit.js:1557:28)\n    at new Promise (<anonymous>)\n    at callAsyncCircusFn (/home/vlad/git/ehmpathy/_worktrees/rhachet-roles-ehmpathy.vlad.fix-tests-nice/node_modules/.pnpm/jest-circus@30.2.0/node_modules/jest-circus/build/jestAdapterInit.js:1497:10)\n    at _callCircusTest (/home/vlad/git/ehmpathy/_worktrees/rhachet-roles-ehmpathy.vlad.fix-tests-nice/node_modules/.pnpm/jest-circus@30.2.0/node_modules/jest-circus/build/jestAdapterInit.js:1007:40)\n    at processTicksAndRejections (node:internal/process/task_queues:105:5)\n    at _runTest (/home/vlad/git/ehmpathy/_worktrees/rhachet-roles-ehmpathy.vlad.fix-tests-nice/node_modules/.pnpm/jest-circus@30.2.0/node_modules/jest-circus/build/jestAdapterInit.js:947:3)\n    at /home/vlad/git/ehmpathy/_worktrees/rhachet-roles-ehmpathy.vlad.fix-tests-nice/node_modules/.pnpm/jest-circus@30.2.0/node_modules/jest-circus/build/jestAdapterInit.js:849:7\n    at _runTestsForDescribeBlock (/home/vlad/git/ehmpathy/_worktrees/rhachet-roles-ehmpathy.vlad.fix-tests-nice/node_modules/.pnpm/jest-circus@30.2.0/node_modules/jest-circus/build/jestAdapterInit.js:862:11)\n    at _runTestsForDescribeBlock (/home/vlad/git/ehmpathy/_worktrees/rhachet-roles-ehmpathy.vlad.fix-tests-nice/node_modules/.pnpm/jest-circus@30.2.0/node_modules/jest-circus/build/jestAdapterInit.js:857:11)\n    at _runTestsForDescribeBlock (/home/vlad/git/ehmpathy/_worktrees/rhachet-roles-ehmpathy.vlad.fix-tests-nice/node_modules/.pnpm/jest-circus@30.2.0/node_modules/jest-circus/build/jestAdapterInit.js:857:11)\n    at _runTestsForDescribeBlock (/home/vlad/git/ehmpathy/_worktrees/rhachet-roles-ehmpathy.vlad.fix-tests-nice/node_modules/.pnpm/jest-circus@30.2.0/node_modules/jest-circus/build/jestAdapterInit.js:857:11)\n    at run (/home/vlad/git/ehmpathy/_worktrees/rhachet-roles-ehmpathy.vlad.fix-tests-nice/node_modules/.pnpm/jest-circus@30.2.0/node_modules/jest-circus/build/jestAdapterInit.js:761:3)\n    at runAndTransformResultsToJestFormat (/home/vlad/git/ehmpathy/_worktrees/rhachet-roles-ehmpathy.vlad.fix-tests-nice/node_modules/.pnpm/jest-circus@30.2.0/node_modules/jest-circus/build/jestAdapterInit.js:1918:21)\n    at jestAdapter (/home/vlad/git/ehmpathy/_worktrees/rhachet-roles-ehmpathy.vlad.fix-tests-nice/node_modules/.pnpm/jest-circus@30.2.0/node_modules/jest-circus/build/runner.js:89:33)\n    at runTestInternal (/home/vlad/git/ehmpathy/_worktrees/rhachet-roles-ehmpathy.vlad.fix-tests-nice/node_modules/.pnpm/jest-runner@30.2.0/node_modules/jest-runner/build/testWorker.js:275:16)\n    at runTest (/home/vlad/git/ehmpathy/_worktrees/rhachet-roles-ehmpathy.vlad.fix-tests-nice/node_modules/.pnpm/jest-runner@30.2.0/node_modules/jest-runner/build/testWorker.js:343:7)\n    at Object.worker (/home/vlad/git/ehmpathy/_worktrees/rhachet-roles-ehmpathy.vlad.fix-tests-nice/node_modules/.pnpm/jest-runner@30.2.0/node_modules/jest-runner/build/testWorker.js:497:12)"],"fullName":"git.release.p4.and_then_await given: [case13] release-pr timeout, workflow passed when: [t0] timeout occurs and workflow passed then: shows ⚓ + 🔴 release + success","invocations":1,"location":null,"numPassingAsserts":0,"retryReasons":[],"startAt":1778209773010,"status":"failed","title":"then: shows ⚓ + 🔴 release + success"},{"ancestorTitles":["git.release.p4.and_then_await","given: [case14] release-pr timeout, workflow not found","when: [t0] timeout occurs and workflow not found"],"duration":42,"failing":false,"failureDetails":[{"matcherResult":{"actual":1,"expected":2,"message":"\u001b[2mexpect(\u001b[22m\u001b[31mreceived\u001b[39m\u001b[2m).\u001b[22mtoBe\u001b[2m(\u001b[22m\u001b[32mexpected\u001b[39m\u001b[2m) // Object.is equality\u001b[22m\n\nExpected: \u001b[32m2\u001b[39m\nReceived: \u001b[31m1\u001b[39m","name":"toBe","pass":false}}],"failureMessages":["Error: \u001b[2mexpect(\u001b[22m\u001b[31mreceived\u001b[39m\u001b[2m).\u001b[22mtoBe\u001b[2m(\u001b[22m\u001b[32mexpected\u001b[39m\u001b[2m) // Object.is equality\u001b[22m\n\nExpected: \u001b[32m2\u001b[39m\nReceived: \u001b[31m1\u001b[39m\n    at Object.toBe (/home/vlad/git/ehmpathy/_worktrees/rhachet-roles-ehmpathy.vlad.fix-tests-nice/src/domain.roles/mechanic/skills/git.release/git.release.p4.and_then_await.integration.test.ts:747:31)\n    at Promise.finally.completed (/home/vlad/git/ehmpathy/_worktrees/rhachet-roles-ehmpathy.vlad.fix-tests-nice/node_modules/.pnpm/jest-circus@30.2.0/node_modules/jest-circus/build/jestAdapterInit.js:1557:28)\n    at new Promise (<anonymous>)\n    at callAsyncCircusFn (/home/vlad/git/ehmpathy/_worktrees/rhachet-roles-ehmpathy.vlad.fix-tests-nice/node_modules/.pnpm/jest-circus@30.2.0/node_modules/jest-circus/build/jestAdapterInit.js:1497:10)\n    at _callCircusTest (/home/vlad/git/ehmpathy/_worktrees/rhachet-roles-ehmpathy.vlad.fix-tests-nice/node_modules/.pnpm/jest-circus@30.2.0/node_modules/jest-circus/build/jestAdapterInit.js:1007:40)\n    at processTicksAndRejections (node:internal/process/task_queues:105:5)\n    at _runTest (/home/vlad/git/ehmpathy/_worktrees/rhachet-roles-ehmpathy.vlad.fix-tests-nice/node_modules/.pnpm/jest-circus@30.2.0/node_modules/jest-circus/build/jestAdapterInit.js:947:3)\n    at /home/vlad/git/ehmpathy/_worktrees/rhachet-roles-ehmpathy.vlad.fix-tests-nice/node_modules/.pnpm/jest-circus@30.2.0/node_modules/jest-circus/build/jestAdapterInit.js:849:7\n    at _runTestsForDescribeBlock (/home/vlad/git/ehmpathy/_worktrees/rhachet-roles-ehmpathy.vlad.fix-tests-nice/node_modules/.pnpm/jest-circus@30.2.0/node_modules/jest-circus/build/jestAdapterInit.js:862:11)\n    at _runTestsForDescribeBlock (/home/vlad/git/ehmpathy/_worktrees/rhachet-roles-ehmpathy.vlad.fix-tests-nice/node_modules/.pnpm/jest-circus@30.2.0/node_modules/jest-circus/build/jestAdapterInit.js:857:11)\n    at _runTestsForDescribeBlock (/home/vlad/git/ehmpathy/_worktrees/rhachet-roles-ehmpathy.vlad.fix-tests-nice/node_modules/.pnpm/jest-circus@30.2.0/node_modules/jest-circus/build/jestAdapterInit.js:857:11)\n    at _runTestsForDescribeBlock (/home/vlad/git/ehmpathy/_worktrees/rhachet-roles-ehmpathy.vlad.fix-tests-nice/node_modules/.pnpm/jest-circus@30.2.0/node_modules/jest-circus/build/jestAdapterInit.js:857:11)\n    at run (/home/vlad/git/ehmpathy/_worktrees/rhachet-roles-ehmpathy.vlad.fix-tests-nice/node_modules/.pnpm/jest-circus@30.2.0/node_modules/jest-circus/build/jestAdapterInit.js:761:3)\n    at runAndTransformResultsToJestFormat (/home/vlad/git/ehmpathy/_worktrees/rhachet-roles-ehmpathy.vlad.fix-tests-nice/node_modules/.pnpm/jest-circus@30.2.0/node_modules/jest-circus/build/jestAdapterInit.js:1918:21)\n    at jestAdapter (/home/vlad/git/ehmpathy/_worktrees/rhachet-roles-ehmpathy.vlad.fix-tests-nice/node_modules/.pnpm/jest-circus@30.2.0/node_modules/jest-circus/build/runner.js:89:33)\n    at runTestInternal (/home/vlad/git/ehmpathy/_worktrees/rhachet-roles-ehmpathy.vlad.fix-tests-nice/node_modules/.pnpm/jest-runner@30.2.0/node_modules/jest-runner/build/testWorker.js:275:16)\n    at runTest (/home/vlad/git/ehmpathy/_worktrees/rhachet-roles-ehmpathy.vlad.fix-tests-nice/node_modules/.pnpm/jest-runner@30.2.0/node_modules/jest-runner/build/testWorker.js:343:7)\n    at Object.worker (/home/vlad/git/ehmpathy/_worktrees/rhachet-roles-ehmpathy.vlad.fix-tests-nice/node_modules/.pnpm/jest-runner@30.2.0/node_modules/jest-runner/build/testWorker.js:497:12)"],"fullName":"git.release.p4.and_then_await given: [case14] release-pr timeout, workflow not found when: [t0] timeout occurs and workflow not found then: shows ⚓ + 🔴 release + not found","invocations":1,"location":null,"numPassingAsserts":0,"retryReasons":[],"startAt":1778209773054,"status":"failed","title":"then: shows ⚓ + 🔴 release + not found"},{"ancestorTitles":["git.release.p4.and_then_await","given: [case15] tag timeout, workflow failed","when: [t0] timeout occurs and workflow failed"],"duration":49,"failing":false,"failureDetails":[{"matcherResult":{"actual":1,"expected":2,"message":"\u001b[2mexpect(\u001b[22m\u001b[31mreceived\u001b[39m\u001b[2m).\u001b[22mtoBe\u001b[2m(\u001b[22m\u001b[32mexpected\u001b[39m\u001b[2m) // Object.is equality\u001b[22m\n\nExpected: \u001b[32m2\u001b[39m\nReceived: \u001b[31m1\u001b[39m","name":"toBe","pass":false}}],"failureMessages":["Error: \u001b[2mexpect(\u001b[22m\u001b[31mreceived\u001b[39m\u001b[2m).\u001b[22mtoBe\u001b[2m(\u001b[22m\u001b[32mexpected\u001b[39m\u001b[2m) // Object.is equality\u001b[22m\n\nExpected: \u001b[32m2\u001b[39m\nReceived: \u001b[31m1\u001b[39m\n    at Object.toBe (/home/vlad/git/ehmpathy/_worktrees/rhachet-roles-ehmpathy.vlad.fix-tests-nice/src/domain.roles/mechanic/skills/git.release/git.release.p4.and_then_await.integration.test.ts:778:31)\n    at Promise.finally.completed (/home/vlad/git/ehmpathy/_worktrees/rhachet-roles-ehmpathy.vlad.fix-tests-nice/node_modules/.pnpm/jest-circus@30.2.0/node_modules/jest-circus/build/jestAdapterInit.js:1557:28)\n    at new Promise (<anonymous>)\n    at callAsyncCircusFn (/home/vlad/git/ehmpathy/_worktrees/rhachet-roles-ehmpathy.vlad.fix-tests-nice/node_modules/.pnpm/jest-circus@30.2.0/node_modules/jest-circus/build/jestAdapterInit.js:1497:10)\n    at _callCircusTest (/home/vlad/git/ehmpathy/_worktrees/rhachet-roles-ehmpathy.vlad.fix-tests-nice/node_modules/.pnpm/jest-circus@30.2.0/node_modules/jest-circus/build/jestAdapterInit.js:1007:40)\n    at processTicksAndRejections (node:internal/process/task_queues:105:5)\n    at _runTest (/home/vlad/git/ehmpathy/_worktrees/rhachet-roles-ehmpathy.vlad.fix-tests-nice/node_modules/.pnpm/jest-circus@30.2.0/node_modules/jest-circus/build/jestAdapterInit.js:947:3)\n    at /home/vlad/git/ehmpathy/_worktrees/rhachet-roles-ehmpathy.vlad.fix-tests-nice/node_modules/.pnpm/jest-circus@30.2.0/node_modules/jest-circus/build/jestAdapterInit.js:849:7\n    at _runTestsForDescribeBlock (/home/vlad/git/ehmpathy/_worktrees/rhachet-roles-ehmpathy.vlad.fix-tests-nice/node_modules/.pnpm/jest-circus@30.2.0/node_modules/jest-circus/build/jestAdapterInit.js:862:11)\n    at _runTestsForDescribeBlock (/home/vlad/git/ehmpathy/_worktrees/rhachet-roles-ehmpathy.vlad.fix-tests-nice/node_modules/.pnpm/jest-circus@30.2.0/node_modules/jest-circus/build/jestAdapterInit.js:857:11)\n    at _runTestsForDescribeBlock (/home/vlad/git/ehmpathy/_worktrees/rhachet-roles-ehmpathy.vlad.fix-tests-nice/node_modules/.pnpm/jest-circus@30.2.0/node_modules/jest-circus/build/jestAdapterInit.js:857:11)\n    at _runTestsForDescribeBlock (/home/vlad/git/ehmpathy/_worktrees/rhachet-roles-ehmpathy.vlad.fix-tests-nice/node_modules/.pnpm/jest-circus@30.2.0/node_modules/jest-circus/build/jestAdapterInit.js:857:11)\n    at run (/home/vlad/git/ehmpathy/_worktrees/rhachet-roles-ehmpathy.vlad.fix-tests-nice/node_modules/.pnpm/jest-circus@30.2.0/node_modules/jest-circus/build/jestAdapterInit.js:761:3)\n    at runAndTransformResultsToJestFormat (/home/vlad/git/ehmpathy/_worktrees/rhachet-roles-ehmpathy.vlad.fix-tests-nice/node_modules/.pnpm/jest-circus@30.2.0/node_modules/jest-circus/build/jestAdapterInit.js:1918:21)\n    at jestAdapter (/home/vlad/git/ehmpathy/_worktrees/rhachet-roles-ehmpathy.vlad.fix-tests-nice/node_modules/.pnpm/jest-circus@30.2.0/node_modules/jest-circus/build/runner.js:89:33)\n    at runTestInternal (/home/vlad/git/ehmpathy/_worktrees/rhachet-roles-ehmpathy.vlad.fix-tests-nice/node_modules/.pnpm/jest-runner@30.2.0/node_modules/jest-runner/build/testWorker.js:275:16)\n    at runTest (/home/vlad/git/ehmpathy/_worktrees/rhachet-roles-ehmpathy.vlad.fix-tests-nice/node_modules/.pnpm/jest-runner@30.2.0/node_modules/jest-runner/build/testWorker.js:343:7)\n    at Object.worker (/home/vlad/git/ehmpathy/_worktrees/rhachet-roles-ehmpathy.vlad.fix-tests-nice/node_modules/.pnpm/jest-runner@30.2.0/node_modules/jest-runner/build/testWorker.js:497:12)"],"fullName":"git.release.p4.and_then_await given: [case15] tag timeout, workflow failed when: [t0] timeout occurs and workflow failed then: shows ⚓ + 🔴 release + failed","invocations":1,"location":null,"numPassingAsserts":0,"retryReasons":[],"startAt":1778209773097,"status":"failed","title":"then: shows ⚓ + 🔴 release + failed"},{"ancestorTitles":["git.release.p4.and_then_await","given: [case16] tag timeout, workflow in_progress","when: [t0] timeout occurs and workflow in progress"],"duration":54,"failing":false,"failureDetails":[{"matcherResult":{"actual":1,"expected":2,"message":"\u001b[2mexpect(\u001b[22m\u001b[31mreceived\u001b[39m\u001b[2m).\u001b[22mtoBe\u001b[2m(\u001b[22m\u001b[32mexpected\u001b[39m\u001b[2m) // Object.is equality\u001b[22m\n\nExpected: \u001b[32m2\u001b[39m\nReceived: \u001b[31m1\u001b[39m","name":"toBe","pass":false}}],"failureMessages":["Error: \u001b[2mexpect(\u001b[22m\u001b[31mreceived\u001b[39m\u001b[2m).\u001b[22mtoBe\u001b[2m(\u001b[22m\u001b[32mexpected\u001b[39m\u001b[2m) // Object.is equality\u001b[22m\n\nExpected: \u001b[32m2\u001b[39m\nReceived: \u001b[31m1\u001b[39m\n    at Object.toBe (/home/vlad/git/ehmpathy/_worktrees/rhachet-roles-ehmpathy.vlad.fix-tests-nice/src/domain.roles/mechanic/skills/git.release/git.release.p4.and_then_await.integration.test.ts:809:31)\n    at Promise.finally.completed (/home/vlad/git/ehmpathy/_worktrees/rhachet-roles-ehmpathy.vlad.fix-tests-nice/node_modules/.pnpm/jest-circus@30.2.0/node_modules/jest-circus/build/jestAdapterInit.js:1557:28)\n    at new Promise (<anonymous>)\n    at callAsyncCircusFn (/home/vlad/git/ehmpathy/_worktrees/rhachet-roles-ehmpathy.vlad.fix-tests-nice/node_modules/.pnpm/jest-circus@30.2.0/node_modules/jest-circus/build/jestAdapterInit.js:1497:10)\n    at _callCircusTest (/home/vlad/git/ehmpathy/_worktrees/rhachet-roles-ehmpathy.vlad.fix-tests-nice/node_modules/.pnpm/jest-circus@30.2.0/node_modules/jest-circus/build/jestAdapterInit.js:1007:40)\n    at processTicksAndRejections (node:internal/process/task_queues:105:5)\n    at _runTest (/home/vlad/git/ehmpathy/_worktrees/rhachet-roles-ehmpathy.vlad.fix-tests-nice/node_modules/.pnpm/jest-circus@30.2.0/node_modules/jest-circus/build/jestAdapterInit.js:947:3)\n    at /home/vlad/git/ehmpathy/_worktrees/rhachet-roles-ehmpathy.vlad.fix-tests-nice/node_modules/.pnpm/jest-circus@30.2.0/node_modules/jest-circus/build/jestAdapterInit.js:849:7\n    at _runTestsForDescribeBlock (/home/vlad/git/ehmpathy/_worktrees/rhachet-roles-ehmpathy.vlad.fix-tests-nice/node_modules/.pnpm/jest-circus@30.2.0/node_modules/jest-circus/build/jestAdapterInit.js:862:11)\n    at _runTestsForDescribeBlock (/home/vlad/git/ehmpathy/_worktrees/rhachet-roles-ehmpathy.vlad.fix-tests-nice/node_modules/.pnpm/jest-circus@30.2.0/node_modules/jest-circus/build/jestAdapterInit.js:857:11)\n    at _runTestsForDescribeBlock (/home/vlad/git/ehmpathy/_worktrees/rhachet-roles-ehmpathy.vlad.fix-tests-nice/node_modules/.pnpm/jest-circus@30.2.0/node_modules/jest-circus/build/jestAdapterInit.js:857:11)\n    at _runTestsForDescribeBlock (/home/vlad/git/ehmpathy/_worktrees/rhachet-roles-ehmpathy.vlad.fix-tests-nice/node_modules/.pnpm/jest-circus@30.2.0/node_modules/jest-circus/build/jestAdapterInit.js:857:11)\n    at run (/home/vlad/git/ehmpathy/_worktrees/rhachet-roles-ehmpathy.vlad.fix-tests-nice/node_modules/.pnpm/jest-circus@30.2.0/node_modules/jest-circus/build/jestAdapterInit.js:761:3)\n    at runAndTransformResultsToJestFormat (/home/vlad/git/ehmpathy/_worktrees/rhachet-roles-ehmpathy.vlad.fix-tests-nice/node_modules/.pnpm/jest-circus@30.2.0/node_modules/jest-circus/build/jestAdapterInit.js:1918:21)\n    at jestAdapter (/home/vlad/git/ehmpathy/_worktrees/rhachet-roles-ehmpathy.vlad.fix-tests-nice/node_modules/.pnpm/jest-circus@30.2.0/node_modules/jest-circus/build/runner.js:89:33)\n    at runTestInternal (/home/vlad/git/ehmpathy/_worktrees/rhachet-roles-ehmpathy.vlad.fix-tests-nice/node_modules/.pnpm/jest-runner@30.2.0/node_modules/jest-runner/build/testWorker.js:275:16)\n    at runTest (/home/vlad/git/ehmpathy/_worktrees/rhachet-roles-ehmpathy.vlad.fix-tests-nice/node_modules/.pnpm/jest-runner@30.2.0/node_modules/jest-runner/build/testWorker.js:343:7)\n    at Object.worker (/home/vlad/git/ehmpathy/_worktrees/rhachet-roles-ehmpathy.vlad.fix-tests-nice/node_modules/.pnpm/jest-runner@30.2.0/node_modules/jest-runner/build/testWorker.js:497:12)"],"fullName":"git.release.p4.and_then_await given: [case16] tag timeout, workflow in_progress when: [t0] timeout occurs and workflow in progress then: shows ⚓ + 🔴 release + in_progress","invocations":1,"location":null,"numPassingAsserts":0,"retryReasons":[],"startAt":1778209773147,"status":"failed","title":"then: shows ⚓ + 🔴 release + in_progress"},{"ancestorTitles":["git.release.p4.and_then_await","given: [case17] tag timeout, workflow passed","when: [t0] timeout occurs and workflow passed"],"duration":50,"failing":false,"failureDetails":[{"matcherResult":{"actual":1,"expected":2,"message":"\u001b[2mexpect(\u001b[22m\u001b[31mreceived\u001b[39m\u001b[2m).\u001b[22mtoBe\u001b[2m(\u001b[22m\u001b[32mexpected\u001b[39m\u001b[2m) // Object.is equality\u001b[22m\n\nExpected: \u001b[32m2\u001b[39m\nReceived: \u001b[31m1\u001b[39m","name":"toBe","pass":false}}],"failureMessages":["Error: \u001b[2mexpect(\u001b[22m\u001b[31mreceived\u001b[39m\u001b[2m).\u001b[22mtoBe\u001b[2m(\u001b[22m\u001b[32mexpected\u001b[39m\u001b[2m) // Object.is equality\u001b[22m\n\nExpected: \u001b[32m2\u001b[39m\nReceived: \u001b[31m1\u001b[39m\n    at Object.toBe (/home/vlad/git/ehmpathy/_worktrees/rhachet-roles-ehmpathy.vlad.fix-tests-nice/src/domain.roles/mechanic/skills/git.release/git.release.p4.and_then_await.integration.test.ts:840:31)\n    at Promise.finally.completed (/home/vlad/git/ehmpathy/_worktrees/rhachet-roles-ehmpathy.vlad.fix-tests-nice/node_modules/.pnpm/jest-circus@30.2.0/node_modules/jest-circus/build/jestAdapterInit.js:1557:28)\n    at new Promise (<anonymous>)\n    at callAsyncCircusFn (/home/vlad/git/ehmpathy/_worktrees/rhachet-roles-ehmpathy.vlad.fix-tests-nice/node_modules/.pnpm/jest-circus@30.2.0/node_modules/jest-circus/build/jestAdapterInit.js:1497:10)\n    at _callCircusTest (/home/vlad/git/ehmpathy/_worktrees/rhachet-roles-ehmpathy.vlad.fix-tests-nice/node_modules/.pnpm/jest-circus@30.2.0/node_modules/jest-circus/build/jestAdapterInit.js:1007:40)\n    at processTicksAndRejections (node:internal/process/task_queues:105:5)\n    at _runTest (/home/vlad/git/ehmpathy/_worktrees/rhachet-roles-ehmpathy.vlad.fix-tests-nice/node_modules/.pnpm/jest-circus@30.2.0/node_modules/jest-circus/build/jestAdapterInit.js:947:3)\n    at /home/vlad/git/ehmpathy/_worktrees/rhachet-roles-ehmpathy.vlad.fix-tests-nice/node_modules/.pnpm/jest-circus@30.2.0/node_modules/jest-circus/build/jestAdapterInit.js:849:7\n    at _runTestsForDescribeBlock (/home/vlad/git/ehmpathy/_worktrees/rhachet-roles-ehmpathy.vlad.fix-tests-nice/node_modules/.pnpm/jest-circus@30.2.0/node_modules/jest-circus/build/jestAdapterInit.js:862:11)\n    at _runTestsForDescribeBlock (/home/vlad/git/ehmpathy/_worktrees/rhachet-roles-ehmpathy.vlad.fix-tests-nice/node_modules/.pnpm/jest-circus@30.2.0/node_modules/jest-circus/build/jestAdapterInit.js:857:11)\n    at _runTestsForDescribeBlock (/home/vlad/git/ehmpathy/_worktrees/rhachet-roles-ehmpathy.vlad.fix-tests-nice/node_modules/.pnpm/jest-circus@30.2.0/node_modules/jest-circus/build/jestAdapterInit.js:857:11)\n    at _runTestsForDescribeBlock (/home/vlad/git/ehmpathy/_worktrees/rhachet-roles-ehmpathy.vlad.fix-tests-nice/node_modules/.pnpm/jest-circus@30.2.0/node_modules/jest-circus/build/jestAdapterInit.js:857:11)\n    at run (/home/vlad/git/ehmpathy/_worktrees/rhachet-roles-ehmpathy.vlad.fix-tests-nice/node_modules/.pnpm/jest-circus@30.2.0/node_modules/jest-circus/build/jestAdapterInit.js:761:3)\n    at runAndTransformResultsToJestFormat (/home/vlad/git/ehmpathy/_worktrees/rhachet-roles-ehmpathy.vlad.fix-tests-nice/node_modules/.pnpm/jest-circus@30.2.0/node_modules/jest-circus/build/jestAdapterInit.js:1918:21)\n    at jestAdapter (/home/vlad/git/ehmpathy/_worktrees/rhachet-roles-ehmpathy.vlad.fix-tests-nice/node_modules/.pnpm/jest-circus@30.2.0/node_modules/jest-circus/build/runner.js:89:33)\n    at runTestInternal (/home/vlad/git/ehmpathy/_worktrees/rhachet-roles-ehmpathy.vlad.fix-tests-nice/node_modules/.pnpm/jest-runner@30.2.0/node_modules/jest-runner/build/testWorker.js:275:16)\n    at runTest (/home/vlad/git/ehmpathy/_worktrees/rhachet-roles-ehmpathy.vlad.fix-tests-nice/node_modules/.pnpm/jest-runner@30.2.0/node_modules/jest-runner/build/testWorker.js:343:7)\n    at Object.worker (/home/vlad/git/ehmpathy/_worktrees/rhachet-roles-ehmpathy.vlad.fix-tests-nice/node_modules/.pnpm/jest-runner@30.2.0/node_modules/jest-runner/build/testWorker.js:497:12)"],"fullName":"git.release.p4.and_then_await given: [case17] tag timeout, workflow passed when: [t0] timeout occurs and workflow passed then: shows ⚓ + 🔴 release + success","invocations":1,"location":null,"numPassingAsserts":0,"retryReasons":[],"startAt":1778209773205,"status":"failed","title":"then: shows ⚓ + 🔴 release + success"},{"ancestorTitles":["git.release.p4.and_then_await","given: [case18] tag timeout, workflow not found","when: [t0] timeout occurs and workflow not found"],"duration":39,"failing":false,"failureDetails":[{"matcherResult":{"actual":1,"expected":2,"message":"\u001b[2mexpect(\u001b[22m\u001b[31mreceived\u001b[39m\u001b[2m).\u001b[22mtoBe\u001b[2m(\u001b[22m\u001b[32mexpected\u001b[39m\u001b[2m) // Object.is equality\u001b[22m\n\nExpected: \u001b[32m2\u001b[39m\nReceived: \u001b[31m1\u001b[39m","name":"toBe","pass":false}}],"failureMessages":["Error: \u001b[2mexpect(\u001b[22m\u001b[31mreceived\u001b[39m\u001b[2m).\u001b[22mtoBe\u001b[2m(\u001b[22m\u001b[32mexpected\u001b[39m\u001b[2m) // Object.is equality\u001b[22m\n\nExpected: \u001b[32m2\u001b[39m\nReceived: \u001b[31m1\u001b[39m\n    at Object.toBe (/home/vlad/git/ehmpathy/_worktrees/rhachet-roles-ehmpathy.vlad.fix-tests-nice/src/domain.roles/mechanic/skills/git.release/git.release.p4.and_then_await.integration.test.ts:871:31)\n    at Promise.finally.completed (/home/vlad/git/ehmpathy/_worktrees/rhachet-roles-ehmpathy.vlad.fix-tests-nice/node_modules/.pnpm/jest-circus@30.2.0/node_modules/jest-circus/build/jestAdapterInit.js:1557:28)\n    at new Promise (<anonymous>)\n    at callAsyncCircusFn (/home/vlad/git/ehmpathy/_worktrees/rhachet-roles-ehmpathy.vlad.fix-tests-nice/node_modules/.pnpm/jest-circus@30.2.0/node_modules/jest-circus/build/jestAdapterInit.js:1497:10)\n    at _callCircusTest (/home/vlad/git/ehmpathy/_worktrees/rhachet-roles-ehmpathy.vlad.fix-tests-nice/node_modules/.pnpm/jest-circus@30.2.0/node_modules/jest-circus/build/jestAdapterInit.js:1007:40)\n    at processTicksAndRejections (node:internal/process/task_queues:105:5)\n    at _runTest (/home/vlad/git/ehmpathy/_worktrees/rhachet-roles-ehmpathy.vlad.fix-tests-nice/node_modules/.pnpm/jest-circus@30.2.0/node_modules/jest-circus/build/jestAdapterInit.js:947:3)\n    at /home/vlad/git/ehmpathy/_worktrees/rhachet-roles-ehmpathy.vlad.fix-tests-nice/node_modules/.pnpm/jest-circus@30.2.0/node_modules/jest-circus/build/jestAdapterInit.js:849:7\n    at _runTestsForDescribeBlock (/home/vlad/git/ehmpathy/_worktrees/rhachet-roles-ehmpathy.vlad.fix-tests-nice/node_modules/.pnpm/jest-circus@30.2.0/node_modules/jest-circus/build/jestAdapterInit.js:862:11)\n    at _runTestsForDescribeBlock (/home/vlad/git/ehmpathy/_worktrees/rhachet-roles-ehmpathy.vlad.fix-tests-nice/node_modules/.pnpm/jest-circus@30.2.0/node_modules/jest-circus/build/jestAdapterInit.js:857:11)\n    at _runTestsForDescribeBlock (/home/vlad/git/ehmpathy/_worktrees/rhachet-roles-ehmpathy.vlad.fix-tests-nice/node_modules/.pnpm/jest-circus@30.2.0/node_modules/jest-circus/build/jestAdapterInit.js:857:11)\n    at _runTestsForDescribeBlock (/home/vlad/git/ehmpathy/_worktrees/rhachet-roles-ehmpathy.vlad.fix-tests-nice/node_modules/.pnpm/jest-circus@30.2.0/node_modules/jest-circus/build/jestAdapterInit.js:857:11)\n    at run (/home/vlad/git/ehmpathy/_worktrees/rhachet-roles-ehmpathy.vlad.fix-tests-nice/node_modules/.pnpm/jest-circus@30.2.0/node_modules/jest-circus/build/jestAdapterInit.js:761:3)\n    at runAndTransformResultsToJestFormat (/home/vlad/git/ehmpathy/_worktrees/rhachet-roles-ehmpathy.vlad.fix-tests-nice/node_modules/.pnpm/jest-circus@30.2.0/node_modules/jest-circus/build/jestAdapterInit.js:1918:21)\n    at jestAdapter (/home/vlad/git/ehmpathy/_worktrees/rhachet-roles-ehmpathy.vlad.fix-tests-nice/node_modules/.pnpm/jest-circus@30.2.0/node_modules/jest-circus/build/runner.js:89:33)\n    at runTestInternal (/home/vlad/git/ehmpathy/_worktrees/rhachet-roles-ehmpathy.vlad.fix-tests-nice/node_modules/.pnpm/jest-runner@30.2.0/node_modules/jest-runner/build/testWorker.js:275:16)\n    at runTest (/home/vlad/git/ehmpathy/_worktrees/rhachet-roles-ehmpathy.vlad.fix-tests-nice/node_modules/.pnpm/jest-runner@30.2.0/node_modules/jest-runner/build/testWorker.js:343:7)\n    at Object.worker (/home/vlad/git/ehmpathy/_worktrees/rhachet-roles-ehmpathy.vlad.fix-tests-nice/node_modules/.pnpm/jest-runner@30.2.0/node_modules/jest-runner/build/testWorker.js:497:12)"],"fullName":"git.release.p4.and_then_await given: [case18] tag timeout, workflow not found when: [t0] timeout occurs and workflow not found then: shows ⚓ + 🔴 release + not found","invocations":1,"location":null,"numPassingAsserts":0,"retryReasons":[],"sta
[...]
apshot"},{"ancestorTitles":["pretooluse.forbid-suspicious-shell-syntax.sh","given: [case12] block message snapshots","when: [t0] each pattern type produces expected output"],"duration":369,"failing":false,"failureDetails":[],"failureMessages":[],"fullName":"pretooluse.forbid-suspicious-shell-syntax.sh given: [case12] block message snapshots when: [t0] each pattern type produces expected output then: consecutive quotes block message matches snapshot","invocations":1,"location":null,"numPassingAsserts":1,"retryReasons":[],"startAt":1778209817424,"status":"passed","title":"then: consecutive quotes block message matches snapshot"},{"ancestorTitles":["pretooluse.forbid-suspicious-shell-syntax.sh","given: [case13] || operator (should remain allowed)","when: [t0] various || patterns"],"duration":685,"failing":false,"failureDetails":[],"failureMessages":[],"fullName":"pretooluse.forbid-suspicious-shell-syntax.sh given: [case13] || operator (should remain allowed) when: [t0] various || patterns then: simple fallback is allowed","invocations":1,"location":null,"numPassingAsserts":2,"retryReasons":[],"startAt":1778209817793,"status":"passed","title":"then: simple fallback is allowed"},{"ancestorTitles":["pretooluse.forbid-suspicious-shell-syntax.sh","given: [case13] || operator (should remain allowed)","when: [t0] various || patterns"],"duration":692,"failing":false,"failureDetails":[],"failureMessages":[],"fullName":"pretooluse.forbid-suspicious-shell-syntax.sh given: [case13] || operator (should remain allowed) when: [t0] various || patterns then: grep with fallback echo (no redirect) is allowed","invocations":1,"location":null,"numPassingAsserts":2,"retryReasons":[],"startAt":1778209818478,"status":"passed","title":"then: grep with fallback echo (no redirect) is allowed"},{"ancestorTitles":["pretooluse.forbid-suspicious-shell-syntax.sh","given: [case13] || operator (should remain allowed)","when: [t0] various || patterns"],"duration":693,"failing":false,"failureDetails":[],"failureMessages":[],"fullName":"pretooluse.forbid-suspicious-shell-syntax.sh given: [case13] || operator (should remain allowed) when: [t0] various || patterns then: || true is allowed","invocations":1,"location":null,"numPassingAsserts":2,"retryReasons":[],"startAt":1778209819170,"status":"passed","title":"then: || true is allowed"},{"ancestorTitles":["pretooluse.forbid-suspicious-shell-syntax.sh","given: [case13] || operator (should remain allowed)","when: [t0] various || patterns"],"duration":799,"failing":false,"failureDetails":[],"failureMessages":[],"fullName":"pretooluse.forbid-suspicious-shell-syntax.sh given: [case13] || operator (should remain allowed) when: [t0] various || patterns then: chained || is allowed","invocations":1,"location":null,"numPassingAsserts":2,"retryReasons":[],"startAt":1778209819863,"status":"passed","title":"then: chained || is allowed"},{"ancestorTitles":["pretooluse.forbid-suspicious-shell-syntax.sh","given: [case13] || operator (should remain allowed)","when: [t0] various || patterns"],"duration":741,"failing":false,"failureDetails":[],"failureMessages":[],"fullName":"pretooluse.forbid-suspicious-shell-syntax.sh given: [case13] || operator (should remain allowed) when: [t0] various || patterns then: || after && is allowed","invocations":1,"location":null,"numPassingAsserts":2,"retryReasons":[],"startAt":1778209820662,"status":"passed","title":"then: || after && is allowed"},{"ancestorTitles":["pretooluse.forbid-suspicious-shell-syntax.sh","given: [case14] ANSI-C quote syntax","when: [t0] command contains $'...'"],"duration":477,"failing":false,"failureDetails":[],"failureMessages":[],"fullName":"pretooluse.forbid-suspicious-shell-syntax.sh given: [case14] ANSI-C quote syntax when: [t0] command contains $'...' then: $'...' is blocked","invocations":1,"location":null,"numPassingAsserts":3,"retryReasons":[],"startAt":1778209821404,"status":"passed","title":"then: $'...' is blocked"},{"ancestorTitles":["pretooluse.forbid-suspicious-shell-syntax.sh","given: [case14] ANSI-C quote syntax","when: [t0] command contains $'...'"],"duration":491,"failing":false,"failureDetails":[],"failureMessages":[],"fullName":"pretooluse.forbid-suspicious-shell-syntax.sh given: [case14] ANSI-C quote syntax when: [t0] command contains $'...' then: $'...' with escape sequences is blocked","invocations":1,"location":null,"numPassingAsserts":2,"retryReasons":[],"startAt":1778209821881,"status":"passed","title":"then: $'...' with escape sequences is blocked"},{"ancestorTitles":["pretooluse.forbid-suspicious-shell-syntax.sh","given: [case14] ANSI-C quote syntax","when: [t1] normal dollar patterns"],"duration":703,"failing":false,"failureDetails":[],"failureMessages":[],"fullName":"pretooluse.forbid-suspicious-shell-syntax.sh given: [case14] ANSI-C quote syntax when: [t1] normal dollar patterns then: $VAR is allowed","invocations":1,"location":null,"numPassingAsserts":2,"retryReasons":[],"startAt":1778209822372,"status":"passed","title":"then: $VAR is allowed"},{"ancestorTitles":["pretooluse.forbid-suspicious-shell-syntax.sh","given: [case14] ANSI-C quote syntax","when: [t1] normal dollar patterns"],"duration":674,"failing":false,"failureDetails":[],"failureMessages":[],"fullName":"pretooluse.forbid-suspicious-shell-syntax.sh given: [case14] ANSI-C quote syntax when: [t1] normal dollar patterns then: ${VAR} is allowed","invocations":1,"location":null,"numPassingAsserts":2,"retryReasons":[],"startAt":1778209823075,"status":"passed","title":"then: ${VAR} is allowed"},{"ancestorTitles":["pretooluse.forbid-suspicious-shell-syntax.sh","given: [case15] backtick command substitution","when: [t0] command contains backticks"],"duration":619,"failing":false,"failureDetails":[],"failureMessages":[],"fullName":"pretooluse.forbid-suspicious-shell-syntax.sh given: [case15] backtick command substitution when: [t0] command contains backticks then: backtick substitution is blocked","invocations":1,"location":null,"numPassingAsserts":3,"retryReasons":[],"startAt":1778209823749,"status":"passed","title":"then: backtick substitution is blocked"},{"ancestorTitles":["pretooluse.forbid-suspicious-shell-syntax.sh","given: [case15] backtick command substitution","when: [t0] command contains backticks"],"duration":618,"failing":false,"failureDetails":[],"failureMessages":[],"fullName":"pretooluse.forbid-suspicious-shell-syntax.sh given: [case15] backtick command substitution when: [t0] command contains backticks then: nested backticks is blocked","invocations":1,"location":null,"numPassingAsserts":2,"retryReasons":[],"startAt":1778209824369,"status":"passed","title":"then: nested backticks is blocked"},{"ancestorTitles":["pretooluse.forbid-suspicious-shell-syntax.sh","given: [case15] backtick command substitution","when: [t0] command contains backticks"],"duration":651,"failing":false,"failureDetails":[],"failureMessages":[],"fullName":"pretooluse.forbid-suspicious-shell-syntax.sh given: [case15] backtick command substitution when: [t0] command contains backticks then: assignment with backtick is blocked","invocations":1,"location":null,"numPassingAsserts":2,"retryReasons":[],"startAt":1778209824987,"status":"passed","title":"then: assignment with backtick is blocked"},{"ancestorTitles":["pretooluse.forbid-suspicious-shell-syntax.sh","given: [case15] backtick command substitution","when: [t1] backtick in quotes"],"duration":712,"failing":false,"failureDetails":[],"failureMessages":[],"fullName":"pretooluse.forbid-suspicious-shell-syntax.sh given: [case15] backtick command substitution when: [t1] backtick in quotes then: backtick in double quotes is blocked (still executes)","invocations":1,"location":null,"numPassingAsserts":2,"retryReasons":[],"startAt":1778209825639,"status":"passed","title":"then: backtick in double quotes is blocked (still executes)"},{"ancestorTitles":["pretooluse.forbid-suspicious-shell-syntax.sh","given: [case15] backtick command substitution","when: [t1] backtick in quotes"],"duration":741,"failing":false,"failureDetails":[],"failureMessages":[],"fullName":"pretooluse.forbid-suspicious-shell-syntax.sh given: [case15] backtick command substitution when: [t1] backtick in quotes then: backtick in single quotes is allowed (literal)","invocations":1,"location":null,"numPassingAsserts":2,"retryReasons":[],"startAt":1778209826351,"status":"passed","title":"then: backtick in single quotes is allowed (literal)"},{"ancestorTitles":["pretooluse.forbid-suspicious-shell-syntax.sh","given: [case16] $() command substitution","when: [t0] unquoted command substitution"],"duration":537,"failing":false,"failureDetails":[],"failureMessages":[],"fullName":"pretooluse.forbid-suspicious-shell-syntax.sh given: [case16] $() command substitution when: [t0] unquoted command substitution then: echo $(date) is blocked","invocations":1,"location":null,"numPassingAsserts":3,"retryReasons":[],"startAt":1778209827092,"status":"passed","title":"then: echo $(date) is blocked"},{"ancestorTitles":["pretooluse.forbid-suspicious-shell-syntax.sh","given: [case16] $() command substitution","when: [t0] unquoted command substitution"],"duration":551,"failing":false,"failureDetails":[],"failureMessages":[],"fullName":"pretooluse.forbid-suspicious-shell-syntax.sh given: [case16] $() command substitution when: [t0] unquoted command substitution then: nested $() is blocked","invocations":1,"location":null,"numPassingAsserts":2,"retryReasons":[],"startAt":1778209827629,"status":"passed","title":"then: nested $() is blocked"},{"ancestorTitles":["pretooluse.forbid-suspicious-shell-syntax.sh","given: [case16] $() command substitution","when: [t1] $() in quotes"],"duration":705,"failing":false,"failureDetails":[],"failureMessages":[],"fullName":"pretooluse.forbid-suspicious-shell-syntax.sh given: [case16] $() command substitution when: [t1] $() in quotes then: $() in single quotes is allowed (literal)","invocations":1,"location":null,"numPassingAsserts":2,"retryReasons":[],"startAt":1778209828180,"status":"passed","title":"then: $() in single quotes is allowed (literal)"},{"ancestorTitles":["pretooluse.forbid-suspicious-shell-syntax.sh","given: [case16] $() command substitution","when: [t1] $() in quotes"],"duration":695,"failing":false,"failureDetails":[],"failureMessages":[],"fullName":"pretooluse.forbid-suspicious-shell-syntax.sh given: [case16] $() command substitution when: [t1] $() in quotes then: $() in double quotes is blocked (still executes)","invocations":1,"location":null,"numPassingAsserts":2,"retryReasons":[],"startAt":1778209828885,"status":"passed","title":"then: $() in double quotes is blocked (still executes)"},{"ancestorTitles":["pretooluse.forbid-suspicious-shell-syntax.sh","given: [case17] output redirection","when: [t0] unquoted output redirection"],"duration":732,"failing":false,"failureDetails":[],"failureMessages":[],"fullName":"pretooluse.forbid-suspicious-shell-syntax.sh given: [case17] output redirection when: [t0] unquoted output redirection then: simple > redirect is blocked","invocations":1,"location":null,"numPassingAsserts":3,"retryReasons":[],"startAt":1778209829580,"status":"passed","title":"then: simple > redirect is blocked"},{"ancestorTitles":["pretooluse.forbid-suspicious-shell-syntax.sh","given: [case17] output redirection","when: [t0] unquoted output redirection"],"duration":1357,"failing":false,"failureDetails":[],"failureMessages":[],"fullName":"pretooluse.forbid-suspicious-shell-syntax.sh given: [case17] output redirection when: [t0] unquoted output redirection then: append >> redirect is blocked","invocations":1,"location":null,"numPassingAsserts":2,"retryReasons":[],"startAt":1778209830312,"status":"passed","title":"then: append >> redirect is blocked"},{"ancestorTitles":["pretooluse.forbid-suspicious-shell-syntax.sh","given: [case17] output redirection","when: [t0] unquoted output redirection"],"duration":869,"failing":false,"failureDetails":[],"failureMessages":[],"fullName":"pretooluse.forbid-suspicious-shell-syntax.sh given: [case17] output redirection when: [t0] unquoted output redirection then: stderr 2> redirect is blocked","invocations":1,"location":null,"numPassingAsserts":2,"retryReasons":[],"startAt":1778209831669,"status":"passed","title":"then: stderr 2> redirect is blocked"},{"ancestorTitles":["pretooluse.forbid-suspicious-shell-syntax.sh","given: [case17] output redirection","when: [t0] unquoted output redirection"],"duration":698,"failing":false,"failureDetails":[],"failureMessages":[],"fullName":"pretooluse.forbid-suspicious-shell-syntax.sh given: [case17] output redirection when: [t0] unquoted output redirection then: fd duplication 2>&1 is blocked","invocations":1,"location":null,"numPassingAsserts":2,"retryReasons":[],"startAt":1778209832538,"status":"passed","title":"then: fd duplication 2>&1 is blocked"},{"ancestorTitles":["pretooluse.forbid-suspicious-shell-syntax.sh","given: [case17] output redirection","when: [t0] unquoted output redirection"],"duration":720,"failing":false,"failureDetails":[],"failureMessages":[],"fullName":"pretooluse.forbid-suspicious-shell-syntax.sh given: [case17] output redirection when: [t0] unquoted output redirection then: fd duplication >&2 is blocked","invocations":1,"location":null,"numPassingAsserts":2,"retryReasons":[],"startAt":1778209833236,"status":"passed","title":"then: fd duplication >&2 is blocked"},{"ancestorTitles":["pretooluse.forbid-suspicious-shell-syntax.sh","given: [case17] output redirection","when: [t0] unquoted output redirection"],"duration":875,"failing":false,"failureDetails":[],"failureMessages":[],"fullName":"pretooluse.forbid-suspicious-shell-syntax.sh given: [case17] output redirection when: [t0] unquoted output redirection then: combined redirect &> is blocked","invocations":1,"location":null,"numPassingAsserts":2,"retryReasons":[],"startAt":1778209833956,"status":"passed","title":"then: combined redirect &> is blocked"},{"ancestorTitles":["pretooluse.forbid-suspicious-shell-syntax.sh","given: [case17] output redirection","when: [t0] unquoted output redirection"],"duration":978,"failing":false,"failureDetails":[],"failureMessages":[],"fullName":"pretooluse.forbid-suspicious-shell-syntax.sh given: [case17] output redirection when: [t0] unquoted output redirection then: 2>&2 (noop stderr) is blocked","invocations":1,"location":null,"numPassingAsserts":2,"retryReasons":[],"startAt":1778209834831,"status":"passed","title":"then: 2>&2 (noop stderr) is blocked"},{"ancestorTitles":["pretooluse.forbid-suspicious-shell-syntax.sh","given: [case17] output redirection","when: [t0] unquoted output redirection"],"duration":757,"failing":false,"failureDetails":[],"failureMessages":[],"fullName":"pretooluse.forbid-suspicious-shell-syntax.sh given: [case17] output redirection when: [t0] unquoted output redirection then: redirect after pipe is blocked","invocations":1,"location":null,"numPassingAsserts":2,"retryReasons":[],"startAt":1778209835809,"status":"passed","title":"then: redirect after pipe is blocked"},{"ancestorTitles":["pretooluse.forbid-suspicious-shell-syntax.sh","given: [case17] output redirection","when: [t1] > in quotes"],"duration":719,"failing":false,"failureDetails":[],"failureMessages":[],"fullName":"pretooluse.forbid-suspicious-shell-syntax.sh given: [case17] output redirection when: [t1] > in quotes then: > in double quotes is allowed","invocations":1,"location":null,"numPassingAsserts":2,"retryReasons":[],"startAt":1778209836567,"status":"passed","title":"then: > in double quotes is allowed"},{"ancestorTitles":["pretooluse.forbid-suspicious-shell-syntax.sh","given: [case17] output redirection","when: [t1] > in quotes"],"duration":1188,"failing":false,"failureDetails":[],"failureMessages":[],"fullName":"pretooluse.forbid-suspicious-shell-syntax.sh given: [case17] output redirection when: [t1] > in quotes then: > in single quotes is allowed","invocations":1,"location":null,"numPassingAsserts":2,"retryReasons":[],"startAt":1778209837286,"status":"passed","title":"then: > in single quotes is allowed"},{"ancestorTitles":["pretooluse.forbid-suspicious-shell-syntax.sh","given: [case17] output redirection","when: [t1] > in quotes"],"duration":996,"failing":false,"failureDetails":[],"failureMessages":[],"fullName":"pretooluse.forbid-suspicious-shell-syntax.sh given: [case17] output redirection when: [t1] > in quotes then: grep for > pattern is allowed","invocations":1,"location":null,"numPassingAsserts":2,"retryReasons":[],"startAt":1778209838474,"status":"passed","title":"then: grep for > pattern is allowed"},{"ancestorTitles":["pretooluse.forbid-suspicious-shell-syntax.sh","given: [case17] output redirection","when: [t1] > in quotes"],"duration":891,"failing":false,"failureDetails":[],"failureMessages":[],"fullName":"pretooluse.forbid-suspicious-shell-syntax.sh given: [case17] output redirection when: [t1] > in quotes then: regex with > in quotes is allowed","invocations":1,"location":null,"numPassingAsserts":2,"retryReasons":[],"startAt":1778209839471,"status":"passed","title":"then: regex with > in quotes is allowed"},{"ancestorTitles":["pretooluse.forbid-suspicious-shell-syntax.sh","given: [case18] block message snapshots for new patterns","when: [t0] each new pattern type produces expected output"],"duration":601,"failing":false,"failureDetails":[],"failureMessages":[],"fullName":"pretooluse.forbid-suspicious-shell-syntax.sh given: [case18] block message snapshots for new patterns when: [t0] each new pattern type produces expected output then: ANSI-C block message matches snapshot","invocations":1,"location":null,"numPassingAsserts":1,"retryReasons":[],"startAt":1778209840362,"status":"passed","title":"then: ANSI-C block message matches snapshot"},{"ancestorTitles":["pretooluse.forbid-suspicious-shell-syntax.sh","given: [case18] block message snapshots for new patterns","when: [t0] each new pattern type produces expected output"],"duration":900,"failing":false,"failureDetails":[],"failureMessages":[],"fullName":"pretooluse.forbid-suspicious-shell-syntax.sh given: [case18] block message snapshots for new patterns when: [t0] each new pattern type produces expected output then: backtick block message matches snapshot","invocations":1,"location":null,"numPassingAsserts":1,"retryReasons":[],"startAt":1778209840963,"status":"passed","title":"then: backtick block message matches snapshot"},{"ancestorTitles":["pretooluse.forbid-suspicious-shell-syntax.sh","given: [case18] block message snapshots for new patterns","when: [t0] each new pattern type produces expected output"],"duration":728,"failing":false,"failureDetails":[],"failureMessages":[],"fullName":"pretooluse.forbid-suspicious-shell-syntax.sh given: [case18] block message snapshots for new patterns when: [t0] each new pattern type produces expected output then: $() block message matches snapshot","invocations":1,"location":null,"numPassingAsserts":1,"retryReasons":[],"startAt":1778209841864,"status":"passed","title":"then: $() block message matches snapshot"},{"ancestorTitles":["pretooluse.forbid-suspicious-shell-syntax.sh","given: [case18] block message snapshots for new patterns","when: [t0] each new pattern type produces expected output"],"duration":780,"failing":false,"failureDetails":[],"failureMessages":[],"fullName":"pretooluse.forbid-suspicious-shell-syntax.sh given: [case18] block message snapshots for new patterns when: [t0] each new pattern type produces expected output then: output redirection block message matches snapshot","invocations":1,"location":null,"numPassingAsserts":1,"retryReasons":[],"startAt":1778209842592,"status":"passed","title":"then: output redirection block message matches snapshot"}],"endTime":1778209843376,"message":"","name":"/home/vlad/git/ehmpathy/_worktrees/rhachet-roles-ehmpathy.vlad.fix-tests-nice/src/domain.roles/mechanic/inits/claude.hooks/pretooluse.forbid-suspicious-shell-syntax.integration.test.ts","startTime":1778209771925,"status":"passed","summary":""}],"wasInterrupted":false}
